Info: Starting: Create block symbol file (.bsf)
Info: qsys-generate C:\Users\bilal\Documents\Embedded\AESproject.qsys --block-symbol-file --output-directory=C:\Users\bilal\Documents\Embedded\AESproject --family="Cyclone V" --part=5CSEMA5F31C6
Progress: Loading Embedded/AESproject.qsys
Progress: Reading input file
Progress: Adding aes_accelerator_0 [aes_accelerator 1.0]
Progress: Parameterizing module aes_accelerator_0
Progress: Adding clk_0 [clock_source 18.1]
Progress: Parameterizing module clk_0
Progress: Adding counter_0 [altera_avalon_performance_counter 18.1]
Progress: Parameterizing module counter_0
Progress: Adding epcs [altera_avalon_epcs_flash_controller 18.1]
Progress: Parameterizing module epcs
Progress: Adding jtag_uart_0 [altera_avalon_jtag_uart 18.1]
Progress: Parameterizing module jtag_uart_0
Progress: Adding nios2_qsys_0 [altera_nios2_gen2 18.1]
Progress: Parameterizing module nios2_qsys_0
Progress: Adding onchip_memory [altera_avalon_onchip_memory2 18.1]
Progress: Parameterizing module onchip_memory
Progress: Adding sysid_qsys_0 [altera_avalon_sysid_qsys 18.1]
Progress: Parameterizing module sysid_qsys_0
Progress: Adding timer_0 [altera_avalon_timer 18.1]
Progress: Parameterizing module timer_0
Progress: Adding timer_1 [altera_avalon_timer 18.1]
Progress: Parameterizing module timer_1
Progress: Building connections
Progress: Parameterizing connections
Progress: Validating
Progress: Done reading input file
Info: AESproject.epcs: Legacy EPCS/EPCQx1 Flash Controller will only be supported in Quartus Prime Standard Edition in the future release.
Info: AESproject.jtag_uart_0: JTAG UART IP input clock need to be at least double (2x) the operating frequency of JTAG TCK on board
Info: AESproject.sysid_qsys_0: System ID is not assigned automatically. Edit the System ID parameter to provide a unique ID
Info: AESproject.sysid_qsys_0: Time stamp will be automatically updated when this component is generated.
Info: qsys-generate succeeded.
Info: Finished: Create block symbol file (.bsf)
Info: 
Info: Starting: Create HDL design files for synthesis
Info: qsys-generate C:\Users\bilal\Documents\Embedded\AESproject.qsys --synthesis=VHDL --output-directory=C:\Users\bilal\Documents\Embedded\AESproject\synthesis --family="Cyclone V" --part=5CSEMA5F31C6
Progress: Loading Embedded/AESproject.qsys
Progress: Reading input file
Progress: Adding aes_accelerator_0 [aes_accelerator 1.0]
Progress: Parameterizing module aes_accelerator_0
Progress: Adding clk_0 [clock_source 18.1]
Progress: Parameterizing module clk_0
Progress: Adding counter_0 [altera_avalon_performance_counter 18.1]
Progress: Parameterizing module counter_0
Progress: Adding epcs [altera_avalon_epcs_flash_controller 18.1]
Progress: Parameterizing module epcs
Progress: Adding jtag_uart_0 [altera_avalon_jtag_uart 18.1]
Progress: Parameterizing module jtag_uart_0
Progress: Adding nios2_qsys_0 [altera_nios2_gen2 18.1]
Progress: Parameterizing module nios2_qsys_0
Progress: Adding onchip_memory [altera_avalon_onchip_memory2 18.1]
Progress: Parameterizing module onchip_memory
Progress: Adding sysid_qsys_0 [altera_avalon_sysid_qsys 18.1]
Progress: Parameterizing module sysid_qsys_0
Progress: Adding timer_0 [altera_avalon_timer 18.1]
Progress: Parameterizing module timer_0
Progress: Adding timer_1 [altera_avalon_timer 18.1]
Progress: Parameterizing module timer_1
Progress: Building connections
Progress: Parameterizing connections
Progress: Validating
Progress: Done reading input file
Info: AESproject.epcs: Legacy EPCS/EPCQx1 Flash Controller will only be supported in Quartus Prime Standard Edition in the future release.
Info: AESproject.jtag_uart_0: JTAG UART IP input clock need to be at least double (2x) the operating frequency of JTAG TCK on board
Info: AESproject.sysid_qsys_0: System ID is not assigned automatically. Edit the System ID parameter to provide a unique ID
Info: AESproject.sysid_qsys_0: Time stamp will be automatically updated when this component is generated.
Info: AESproject: Generating AESproject "AESproject" for QUARTUS_SYNTH
Info: aes_accelerator_0: "AESproject" instantiated aes_accelerator "aes_accelerator_0"
Info: counter_0: Starting RTL generation for module 'AESproject_counter_0'
Info: counter_0:   Generation command is [exec C:/intelfpga_lite/18.1/quartus/bin64/perl/bin/perl.exe -I C:/intelfpga_lite/18.1/quartus/bin64/perl/lib -I C:/intelfpga_lite/18.1/quartus/sopc_builder/bin/europa -I C:/intelfpga_lite/18.1/quartus/sopc_builder/bin/perl_lib -I C:/intelfpga_lite/18.1/quartus/sopc_builder/bin -I C:/intelfpga_lite/18.1/quartus/../ip/altera/sopc_builder_ip/common -I C:/intelfpga_lite/18.1/quartus/../ip/altera/sopc_builder_ip/altera_avalon_performance_counter -- C:/intelfpga_lite/18.1/quartus/../ip/altera/sopc_builder_ip/altera_avalon_performance_counter/generate_rtl.pl --name=AESproject_counter_0 --dir=C:/Users/bilal/AppData/Local/Temp/alt8321_6467527552919014082.dir/0003_counter_0_gen/ --quartus_dir=C:/intelfpga_lite/18.1/quartus --verilog --config=C:/Users/bilal/AppData/Local/Temp/alt8321_6467527552919014082.dir/0003_counter_0_gen//AESproject_counter_0_component_configuration.pl  --do_build_sim=0  ]
Info: counter_0: Done RTL generation for module 'AESproject_counter_0'
Info: counter_0: "AESproject" instantiated altera_avalon_performance_counter "counter_0"
Info: epcs: Starting RTL generation for module 'AESproject_epcs'
Info: epcs:   Generation command is [exec C:/intelfpga_lite/18.1/quartus/bin64/perl/bin/perl.exe -I C:/intelfpga_lite/18.1/quartus/bin64/perl/lib -I C:/intelfpga_lite/18.1/quartus/sopc_builder/bin/europa -I C:/intelfpga_lite/18.1/quartus/sopc_builder/bin/perl_lib -I C:/intelfpga_lite/18.1/quartus/sopc_builder/bin -I C:/intelfpga_lite/18.1/quartus/../ip/altera/sopc_builder_ip/common -I C:/intelfpga_lite/18.1/quartus/../ip/altera/sopc_builder_ip/altera_avalon_epcs_flash_controller -- C:/intelfpga_lite/18.1/quartus/../ip/altera/sopc_builder_ip/altera_avalon_epcs_flash_controller/generate_rtl.pl --name=AESproject_epcs --dir=C:/Users/bilal/AppData/Local/Temp/alt8321_6467527552919014082.dir/0004_epcs_gen/ --quartus_dir=C:/intelfpga_lite/18.1/quartus --verilog --config=C:/Users/bilal/AppData/Local/Temp/alt8321_6467527552919014082.dir/0004_epcs_gen//AESproject_epcs_component_configuration.pl  --do_build_sim=0  ]
Info: epcs: Done RTL generation for module 'AESproject_epcs'
Info: epcs: "AESproject" instantiated altera_avalon_epcs_flash_controller "epcs"
Info: jtag_uart_0: Starting RTL generation for module 'AESproject_jtag_uart_0'
Info: jtag_uart_0:   Generation command is [exec C:/intelfpga_lite/18.1/quartus/bin64/perl/bin/perl.exe -I C:/intelfpga_lite/18.1/quartus/bin64/perl/lib -I C:/intelfpga_lite/18.1/quartus/sopc_builder/bin/europa -I C:/intelfpga_lite/18.1/quartus/sopc_builder/bin/perl_lib -I C:/intelfpga_lite/18.1/quartus/sopc_builder/bin -I C:/intelfpga_lite/18.1/quartus/../ip/altera/sopc_builder_ip/common -I C:/intelfpga_lite/18.1/quartus/../ip/altera/sopc_builder_ip/altera_avalon_jtag_uart -- C:/intelfpga_lite/18.1/quartus/../ip/altera/sopc_builder_ip/altera_avalon_jtag_uart/generate_rtl.pl --name=AESproject_jtag_uart_0 --dir=C:/Users/bilal/AppData/Local/Temp/alt8321_6467527552919014082.dir/0005_jtag_uart_0_gen/ --quartus_dir=C:/intelfpga_lite/18.1/quartus --verilog --config=C:/Users/bilal/AppData/Local/Temp/alt8321_6467527552919014082.dir/0005_jtag_uart_0_gen//AESproject_jtag_uart_0_component_configuration.pl  --do_build_sim=0  ]
Info: jtag_uart_0: Done RTL generation for module 'AESproject_jtag_uart_0'
Info: jtag_uart_0: "AESproject" instantiated altera_avalon_jtag_uart "jtag_uart_0"
Info: nios2_qsys_0: "AESproject" instantiated altera_nios2_gen2 "nios2_qsys_0"
Info: onchip_memory: Starting RTL generation for module 'AESproject_onchip_memory'
Info: onchip_memory:   Generation command is [exec C:/intelfpga_lite/18.1/quartus/bin64/perl/bin/perl.exe -I C:/intelfpga_lite/18.1/quartus/bin64/perl/lib -I C:/intelfpga_lite/18.1/quartus/sopc_builder/bin/europa -I C:/intelfpga_lite/18.1/quartus/sopc_builder/bin/perl_lib -I C:/intelfpga_lite/18.1/quartus/sopc_builder/bin -I C:/intelfpga_lite/18.1/quartus/../ip/altera/sopc_builder_ip/common -I C:/intelfpga_lite/18.1/quartus/../ip/altera/sopc_builder_ip/altera_avalon_onchip_memory2 -- C:/intelfpga_lite/18.1/quartus/../ip/altera/sopc_builder_ip/altera_avalon_onchip_memory2/generate_rtl.pl --name=AESproject_onchip_memory --dir=C:/Users/bilal/AppData/Local/Temp/alt8321_6467527552919014082.dir/0006_onchip_memory_gen/ --quartus_dir=C:/intelfpga_lite/18.1/quartus --verilog --config=C:/Users/bilal/AppData/Local/Temp/alt8321_6467527552919014082.dir/0006_onchip_memory_gen//AESproject_onchip_memory_component_configuration.pl  --do_build_sim=0  ]
Info: onchip_memory: Done RTL generation for module 'AESproject_onchip_memory'
Info: onchip_memory: "AESproject" instantiated altera_avalon_onchip_memory2 "onchip_memory"
Info: sysid_qsys_0: "AESproject" instantiated altera_avalon_sysid_qsys "sysid_qsys_0"
Info: timer_0: Starting RTL generation for module 'AESproject_timer_0'
Info: timer_0:   Generation command is [exec C:/intelFPGA_lite/18.1/quartus/bin64//perl/bin/perl.exe -I C:/intelFPGA_lite/18.1/quartus/bin64//perl/lib -I C:/intelfpga_lite/18.1/quartus/sopc_builder/bin/europa -I C:/intelfpga_lite/18.1/quartus/sopc_builder/bin/perl_lib -I C:/intelfpga_lite/18.1/quartus/sopc_builder/bin -I C:/intelfpga_lite/18.1/quartus/../ip/altera/sopc_builder_ip/common -I C:/intelfpga_lite/18.1/quartus/../ip/altera/sopc_builder_ip/altera_avalon_timer -- C:/intelfpga_lite/18.1/quartus/../ip/altera/sopc_builder_ip/altera_avalon_timer/generate_rtl.pl --name=AESproject_timer_0 --dir=C:/Users/bilal/AppData/Local/Temp/alt8321_6467527552919014082.dir/0008_timer_0_gen/ --quartus_dir=C:/intelfpga_lite/18.1/quartus --verilog --config=C:/Users/bilal/AppData/Local/Temp/alt8321_6467527552919014082.dir/0008_timer_0_gen//AESproject_timer_0_component_configuration.pl  --do_build_sim=0  ]
Info: timer_0: Done RTL generation for module 'AESproject_timer_0'
Info: timer_0: "AESproject" instantiated altera_avalon_timer "timer_0"
Info: avalon_st_adapter: Inserting error_adapter: error_adapter_0
Info: avalon_st_adapter_001: Inserting error_adapter: error_adapter_0
Info: avalon_st_adapter_002: Inserting error_adapter: error_adapter_0
Info: avalon_st_adapter_003: Inserting error_adapter: error_adapter_0
Info: avalon_st_adapter_004: Inserting error_adapter: error_adapter_0
Info: avalon_st_adapter_005: Inserting error_adapter: error_adapter_0
Info: avalon_st_adapter_006: Inserting error_adapter: error_adapter_0
Info: avalon_st_adapter_007: Inserting error_adapter: error_adapter_0
Info: avalon_st_adapter_008: Inserting error_adapter: error_adapter_0
Info: mm_interconnect_0: "AESproject" instantiated altera_mm_interconnect "mm_interconnect_0"
Error: Generation stopped, 82 or more modules remaining
Info: AESproject: Done "AESproject" with 37 modules, 22 files
Error: qsys-generate failed with exit code 1: 1 Error, 0 Warnings
Info: Stopping: Create HDL design files for synthesis
