18:47:34 **** Incremental Build of configuration Nios II for project AES_0 ****
make all 
Info: Building ../AES_0_bsp/
C:/intelFPGA_lite/18.1/nios2eds/bin/gnu/H-x86_64-mingw32/bin/make --no-print-directory -C ../AES_0_bsp/
[BSP build complete]
Info: Compiling hello_world_small.c to obj/default/hello_world_small.o
nios2-elf-gcc -xc -MP -MMD -c -I../AES_0_bsp//HAL/inc -I../AES_0_bsp/ -I../AES_0_bsp//drivers/inc  -pipe -D__hal__ -DALT_NO_C_PLUS_PLUS -DALT_NO_CLEAN_EXIT -D'exit(a)=_exit(a)' -DALT_NO_EXIT -DALT_USE_DIRECT_DRIVERS -DALT_NO_INSTRUCTION_EMULATION -DALT_USE_SMALL_DRIVERS -DSMALL_C_LIB -DALT_SINGLE_THREADED    -Os -g -Wall   -mno-hw-div -mhw-mul -mno-hw-mulx -mgpopt=global  -o obj/default/hello_world_small.o hello_world_small.c
In file included from ../AES_0_bsp//drivers/inc/altera_avalon_performance_counter.h:197:0,
                 from hello_world_small.c:6:
hello_world_small.c: In function 'main':
../AES_0_bsp//HAL/inc/io.h:75:65: warning: passing argument 2 of '__builtin_stwio' makes integer from pointer without a cast [-Wint-conversion]
   __builtin_stwio (__IO_CALC_ADDRESS_NATIVE ((BASE), (REGNUM)), (DATA))
                                                                 ^
hello_world_small.c:67:3: note: in expansion of macro 'IOWR'
   IOWR(AES_ACCELERATOR_0_BASE,0,inputdata);
   ^
../AES_0_bsp//HAL/inc/io.h:75:65: note: expected 'int' but argument is of type 'uint8 * {aka unsigned char *}'
   __builtin_stwio (__IO_CALC_ADDRESS_NATIVE ((BASE), (REGNUM)), (DATA))
                                                                 ^
hello_world_small.c:67:3: note: in expansion of macro 'IOWR'
   IOWR(AES_ACCELERATOR_0_BASE,0,inputdata);
   ^
../AES_0_bsp//HAL/inc/io.h:75:65: warning: passing argument 2 of '__builtin_stwio' makes integer from pointer without a cast [-Wint-conversion]
   __builtin_stwio (__IO_CALC_ADDRESS_NATIVE ((BASE), (REGNUM)), (DATA))
                                                                 ^
hello_world_small.c:68:3: note: in expansion of macro 'IOWR'
   IOWR(AES_ACCELERATOR_0_BASE,1,outputdata);
   ^
../AES_0_bsp//HAL/inc/io.h:75:65: note: expected 'int' but argument is of type 'uint8 * {aka unsigned char *}'
   __builtin_stwio (__IO_CALC_ADDRESS_NATIVE ((BASE), (REGNUM)), (DATA))
                                                                 ^
hello_world_small.c:68:3: note: in expansion of macro 'IOWR'
   IOWR(AES_ACCELERATOR_0_BASE,1,outputdata);
   ^
hello_world_small.c:69:3: warning: dereferencing type-punned pointer will break strict-aliasing rules [-Wstrict-aliasing]
   IOWR(AES_ACCELERATOR_0_BASE,4,*(uint32 *)(key));
   ^
hello_world_small.c:82:3: warning: dereferencing type-punned pointer will break strict-aliasing rules [-Wstrict-aliasing]
   printf("Key %x %x %x %x\n", *(uint32 *)(key),*(uint32 *)(key+4),*(uint32 *)(key+8),*(uint32 *)(key+12));
   ^
hello_world_small.c:82:10: warning: format '%x' expects argument of type 'unsigned int', but argument 2 has type 'uint32 {aka long unsigned int}' [-Wformat=]
   printf("Key %x %x %x %x\n", *(uint32 *)(key),*(uint32 *)(key+4),*(uint32 *)(key+8),*(uint32 *)(key+12));
          ^
hello_world_small.c:82:10: warning: format '%x' expects argument of type 'unsigned int', but argument 3 has type 'uint32 {aka long unsigned int}' [-Wformat=]
hello_world_small.c:82:10: warning: format '%x' expects argument of type 'unsigned int', but argument 4 has type 'uint32 {aka long unsigned int}' [-Wformat=]
hello_world_small.c:82:10: warning: format '%x' expects argument of type 'unsigned int', but argument 5 has type 'uint32 {aka long unsigned int}' [-Wformat=]
hello_world_small.c:82:10: warning: format '%x' expects argument of type 'unsigned int', but argument 2 has type 'uint32 {aka long unsigned int}' [-Wformat=]
hello_world_small.c:82:10: warning: format '%x' expects argument of type 'unsigned int', but argument 3 has type 'uint32 {aka long unsigned int}' [-Wformat=]
hello_world_small.c:82:10: warning: format '%x' expects argument of type 'unsigned int', but argument 4 has type 'uint32 {aka long unsigned int}' [-Wformat=]
hello_world_small.c:82:10: warning: format '%x' expects argument of type 'unsigned int', but argument 5 has type 'uint32 {aka long unsigned int}' [-Wformat=]
hello_world_small.c:83:3: warning: dereferencing type-punned pointer will break strict-aliasing rules [-Wstrict-aliasing]
   printf("Input %x %x %x %x\n", *(uint32 *)(inputdata),*(uint32 *)(inputdata+4),*(uint32 *)(inputdata+8),*(uint32 *)(inputdata+12));
   ^
hello_world_small.c:83:10: warning: format '%x' expects argument of type 'unsigned int', but argument 2 has type 'uint32 {aka long unsigned int}' [-Wformat=]
   printf("Input %x %x %x %x\n", *(uint32 *)(inputdata),*(uint32 *)(inputdata+4),*(uint32 *)(inputdata+8),*(uint32 *)(inputdata+12));
          ^
hello_world_small.c:83:10: warning: format '%x' expects argument of type 'unsigned int', but argument 3 has type 'uint32 {aka long unsigned int}' [-Wformat=]
hello_world_small.c:83:10: warning: format '%x' expects argument of type 'unsigned int', but argument 4 has type 'uint32 {aka long unsigned int}' [-Wformat=]
hello_world_small.c:83:10: warning: format '%x' expects argument of type 'unsigned int', but argument 5 has type 'uint32 {aka long unsigned int}' [-Wformat=]
hello_world_small.c:83:10: warning: format '%x' expects argument of type 'unsigned int', but argument 2 has type 'uint32 {aka long unsigned int}' [-Wformat=]
hello_world_small.c:83:10: warning: format '%x' expects argument of type 'unsigned int', but argument 3 has type 'uint32 {aka long unsigned int}' [-Wformat=]
hello_world_small.c:83:10: warning: format '%x' expects argument of type 'unsigned int', but argument 4 has type 'uint32 {aka long unsigned int}' [-Wformat=]
hello_world_small.c:83:10: warning: format '%x' expects argument of type 'unsigned int', but argument 5 has type 'uint32 {aka long unsigned int}' [-Wformat=]
hello_world_small.c:84:3: warning: dereferencing type-punned pointer will break strict-aliasing rules [-Wstrict-aliasing]
   printf("Output %x %x %x %x\n", *(uint32 *)(outputdata),*(uint32 *)(outputdata+4),*(uint32 *)(outputdata+8),*(uint32 *)(outputdata+12));
   ^
hello_world_small.c:84:10: warning: format '%x' expects argument of type 'unsigned int', but argument 2 has type 'uint32 {aka long unsigned int}' [-Wformat=]
   printf("Output %x %x %x %x\n", *(uint32 *)(outputdata),*(uint32 *)(outputdata+4),*(uint32 *)(outputdata+8),*(uint32 *)(outputdata+12));
          ^
hello_world_small.c:84:10: warning: format '%x' expects argument of type 'unsigned int', but argument 3 has type 'uint32 {aka long unsigned int}' [-Wformat=]
hello_world_small.c:84:10: warning: format '%x' expects argument of type 'unsigned int', but argument 4 has type 'uint32 {aka long unsigned int}' [-Wformat=]
hello_world_small.c:84:10: warning: format '%x' expects argument of type 'unsigned int', but argument 5 has type 'uint32 {aka long unsigned int}' [-Wformat=]
hello_world_small.c:84:10: warning: format '%x' expects argument of type 'unsigned int', but argument 2 has type 'uint32 {aka long unsigned int}' [-Wformat=]
hello_world_small.c:84:10: warning: format '%x' expects argument of type 'unsigned int', but argument 3 has type 'uint32 {aka long unsigned int}' [-Wformat=]
hello_world_small.c:84:10: warning: format '%x' expects argument of type 'unsigned int', but argument 4 has type 'uint32 {aka long unsigned int}' [-Wformat=]
hello_world_small.c:84:10: warning: format '%x' expects argument of type 'unsigned int', but argument 5 has type 'uint32 {aka long unsigned int}' [-Wformat=]
Info: Linking AES_0.elf
nios2-elf-g++  -T'../AES_0_bsp//linker.x' -msys-crt0='../AES_0_bsp//obj/HAL/src/crt0.o' -msys-lib=hal_bsp -L../AES_0_bsp/  -msmallc  -Wl,-Map=AES_0.map   -Os -g -Wall   -mno-hw-div -mhw-mul -mno-hw-mulx -mgpopt=global  -o AES_0.elf obj/default/aes.o obj/default/aestab.o obj/default/hello_world_small.o obj/default/timer.o -lm -msys-lib=m
nios2-elf-insert AES_0.elf --thread_model hal --cpu_name nios2_qsys_0 --qsys true --simulation_enabled false --id 0 --sidp 0x220a0 --timestamp 1583018912 --stderr_dev jtag_uart_0 --stdin_dev jtag_uart_0 --stdout_dev jtag_uart_0 --sopc_system_name AESproject --quartus_project_dir "C:/Users/bilal/Documents/Embedded" --jdi ../..//output_files/AESproject.jdi --sopcinfo C:/Users/bilal/Documents/Embedded/software/AES_0_bsp/../../AESproject.sopcinfo
Info: (AES_0.elf) 24 KBytes program size (code + initialized data).
Info:             72 KBytes free for stack + heap.
Info: Creating AES_0.objdump
nios2-elf-objdump --disassemble --syms --all-header --source AES_0.elf >AES_0.objdump
[AES_0 build complete]
18:47:42 **** Build of configuration Nios II for project AES_0 ****
make all 
Info: Building ../AES_0_bsp/
C:/intelFPGA_lite/18.1/nios2eds/bin/gnu/H-x86_64-mingw32/bin/make --no-print-directory -C ../AES_0_bsp/
[BSP build complete]
[AES_0 build complete]
18:47:45 **** Incremental Build of configuration Nios II for project AES_0 ****
make all 
Info: Building ../AES_0_bsp/
C:/intelFPGA_lite/18.1/nios2eds/bin/gnu/H-x86_64-mingw32/bin/make --no-print-directory -C ../AES_0_bsp/
[BSP build complete]
[AES_0 build complete]
