Vivado Simulator 2019.1
Copyright 1986-1999, 2001-2019 Xilinx, Inc. All Rights Reserved.
Running: C:/ISE_Xilinx/Vivado/2019.1/bin/unwrapped/win64.o/xelab.exe -wto f6ccf2240f4049f7877582814515c8d9 --incr --debug typical --relax --mt 2 -L xil_defaultlib -L unisims_ver -L unimacro_ver -L secureip --snapshot AEStb_behav xil_defaultlib.AEStb xil_defaultlib.glbl -log elaborate.log 
Using 2 slave threads.
Starting static elaboration
Completed static elaboration
Starting simulation data flow analysis
WARNING: [XSIM 43-4100] "C:/Users/bilal/Documents/Embedded/HDLcode/Decryptor/aes_sbox.v" Line 1. Module aes_sbox has a timescale but at least one module in design doesn't have timescale.
WARNING: [XSIM 43-4100] "C:/Users/bilal/Documents/Embedded/HDLcode/Decryptor/aes_sbox.v" Line 1. Module aes_sbox has a timescale but at least one module in design doesn't have timescale.
WARNING: [XSIM 43-4100] "C:/Users/bilal/Documents/Embedded/HDLcode/Decryptor/aes_sbox.v" Line 1. Module aes_sbox has a timescale but at least one module in design doesn't have timescale.
WARNING: [XSIM 43-4100] "C:/Users/bilal/Documents/Embedded/HDLcode/Decryptor/aes_sbox.v" Line 1. Module aes_sbox has a timescale but at least one module in design doesn't have timescale.
WARNING: [XSIM 43-4100] "C:/Users/bilal/Documents/Embedded/HDLcode/Decryptor/aes_rcon.v" Line 3. Module aes_rcon has a timescale but at least one module in design doesn't have timescale.
Completed simulation data flow analysis
Time Resolution for simulation is 1ps
Compiling package std.standard
Compiling package std.textio
Compiling package ieee.std_logic_1164
Compiling package ieee.numeric_std
Compiling package vl.vl_types
Compiling module xil_defaultlib.glbl
Compiling architecture canright of entity xil_defaultlib.sbox [sbox_default]
Compiling architecture behav of entity xil_defaultlib.shift_row [shift_row_default]
Compiling architecture behav of entity xil_defaultlib.aes_stage_last [aes_stage_last_default]
Compiling architecture behav of entity xil_defaultlib.shift_mix [shift_mix_default]
Compiling architecture behav of entity xil_defaultlib.aes_stage [aes_stage_default]
Compiling architecture beh of entity xil_defaultlib.key_schedule [key_schedule_default]
Compiling architecture bhv of entity xil_defaultlib.pipe_reg [pipe_reg_default]
Compiling architecture fsmd of entity xil_defaultlib.aes_fsmd [aes_fsmd_default]
Compiling module xil_defaultlib.aes_sbox
Compiling module xil_defaultlib.aes_rcon
Compiling module xil_defaultlib.aes_key_expand_128
Compiling module xil_defaultlib.aes_inv_sbox
Compiling module xil_defaultlib.aes_inv_cipher_top
Compiling architecture fsmd of entity xil_defaultlib.inv_aes_fsmd [inv_aes_fsmd_default]
Compiling architecture arch1 of entity xil_defaultlib.aestb
Built simulation snapshot AEStb_behav
