

================================================================
== Vivado HLS Report for 'cifar_10'
================================================================
* Date:           Fri Dec 27 20:28:26 2019

* Version:        2019.1 (Build 2552052 on Fri May 24 15:28:33 MDT 2019)
* Project:        CIFAR_10
* Solution:       solution1
* Product family: zynq
* Target device:  xc7z020-clg484-1


================================================================
== Performance Estimates
================================================================
+ Timing (ns): 
    * Summary: 
    +--------+-------+----------+------------+
    |  Clock | Target| Estimated| Uncertainty|
    +--------+-------+----------+------------+
    |ap_clk  |  10.00|    12.592|        1.25|
    +--------+-------+----------+------------+

+ Latency (clock cycles): 
    * Summary: 
    +-----+-----+-----+-----+----------+
    |  Latency  |  Interval | Pipeline |
    | min | max | min | max |   Type   |
    +-----+-----+-----+-----+----------+
    |    ?|    ?|    ?|    ?| dataflow |
    +-----+-----+-----+-----+----------+

    + Detail: 
        * Instance: 
        +--------------------+-------------------+-----+-----+-----+-----+---------+
        |                    |                   |  Latency  |  Interval | Pipeline|
        |      Instance      |       Module      | min | max | min | max |   Type  |
        +--------------------+-------------------+-----+-----+-----+-----+---------+
        |FC_1u_1024u_64u_U0  |FC_1u_1024u_64u_s  |    ?|    ?|    ?|    ?|   none  |
        |SMM_1u_75u_32u_U0   |SMM_1u_75u_32u_s   |    ?|    ?|    ?|    ?|   none  |
        |SMM_1u_800u_64u_U0  |SMM_1u_800u_64u_s  |    ?|    ?|    ?|    ?|   none  |
        |SMM_1u_800u_32u_U0  |SMM_1u_800u_32u_s  |    ?|    ?|    ?|    ?|   none  |
        |SCIG_1_U0           |SCIG_1             |    ?|    ?|    ?|    ?|   none  |
        |SCIG_2_U0           |SCIG_2             |    ?|    ?|    ?|    ?|   none  |
        |FC_1u_64u_10u_U0    |FC_1u_64u_10u_s    |    ?|    ?|    ?|    ?|   none  |
        |AXI_DMA_MASTER_U0   |AXI_DMA_MASTER     |    ?|    ?|    ?|    ?|   none  |
        |AXI_DMA_SLAVE_U0    |AXI_DMA_SLAVE      |    ?|    ?|    ?|    ?|   none  |
        |SCIG_U0             |SCIG               |    ?|    ?|    ?|    ?|   none  |
        |pool_2u_32u_32u_U0  |pool_2u_32u_32u_s  |    ?|    ?|    ?|    ?|   none  |
        |pool_2u_64u_8u_U0   |pool_2u_64u_8u_s   |    ?|    ?|    ?|    ?|   none  |
        |pool_2u_32u_16u_U0  |pool_2u_32u_16u_s  |    ?|    ?|    ?|    ?|   none  |
        +--------------------+-------------------+-----+-----+-----+-----+---------+

        * Loop: 
        N/A



================================================================
== Utilization Estimates
================================================================
* Summary: 
+-----------------+---------+-------+--------+-------+-----+
|       Name      | BRAM_18K| DSP48E|   FF   |  LUT  | URAM|
+-----------------+---------+-------+--------+-------+-----+
|DSP              |        -|      -|       -|      -|    -|
|Expression       |        -|      -|       -|      -|    -|
|FIFO             |       18|      -|     483|    591|    -|
|Instance         |      228|    186|   25366|  85280|    0|
|Memory           |        -|      -|       -|      -|    -|
|Multiplexer      |        -|      -|       -|      -|    -|
|Register         |        -|      -|       -|      -|    -|
+-----------------+---------+-------+--------+-------+-----+
|Total            |      246|    186|   25849|  85871|    0|
+-----------------+---------+-------+--------+-------+-----+
|Available        |      280|    220|  106400|  53200|    0|
+-----------------+---------+-------+--------+-------+-----+
|Utilization (%)  |       87|     84|      24|    161|    0|
+-----------------+---------+-------+--------+-------+-----+

+ Detail: 
    * Instance: 
    +--------------------+-------------------+---------+-------+------+------+-----+
    |      Instance      |       Module      | BRAM_18K| DSP48E|  FF  |  LUT | URAM|
    +--------------------+-------------------+---------+-------+------+------+-----+
    |AXI_DMA_MASTER_U0   |AXI_DMA_MASTER     |        0|      0|   586|  6797|    0|
    |AXI_DMA_SLAVE_U0    |AXI_DMA_SLAVE      |        0|      0|   510|  6623|    0|
    |FC_1u_1024u_64u_U0  |FC_1u_1024u_64u_s  |       64|     41|  3948|  7249|    0|
    |FC_1u_64u_10u_U0    |FC_1u_64u_10u_s    |       16|     25|  2618|  5662|    0|
    |SCIG_U0             |SCIG               |       16|      0|  1085|  5962|    0|
    |SCIG_1_U0           |SCIG_1             |       16|      0|   929|  8702|    0|
    |SCIG_2_U0           |SCIG_2             |       16|      0|   877|  8691|    0|
    |SMM_1u_75u_32u_U0   |SMM_1u_75u_32u_s   |       25|     34|  3728|  6738|    0|
    |SMM_1u_800u_32u_U0  |SMM_1u_800u_32u_s  |       25|     34|  3332|  6531|    0|
    |SMM_1u_800u_64u_U0  |SMM_1u_800u_64u_s  |       50|     34|  3335|  6539|    0|
    |pool_2u_32u_16u_U0  |pool_2u_32u_16u_s  |        0|      6|  1435|  5045|    0|
    |pool_2u_32u_32u_U0  |pool_2u_32u_32u_s  |        0|      6|  1514|  5456|    0|
    |pool_2u_64u_8u_U0   |pool_2u_64u_8u_s   |        0|      6|  1469|  5285|    0|
    +--------------------+-------------------+---------+-------+------+------+-----+
    |Total               |                   |      228|    186| 25366| 85280|    0|
    +--------------------+-------------------+---------+-------+------+------+-----+

    * DSP48E: 
    N/A

    * Memory: 
    N/A

    * FIFO: 
    +------------------+---------+----+----+-----+------+-----+---------+
    |       Name       | BRAM_18K| FF | LUT| URAM| Depth| Bits| Size:D*B|
    +------------------+---------+----+----+-----+------+-----+---------+
    |connect_0_V_V_U   |        2|  52|   0|    -|    50|   32|     1600|
    |connect_10_V_V_U  |        2|  52|   0|    -|    50|   32|     1600|
    |connect_11_V_V_U  |        2|  52|   0|    -|    50|   32|     1600|
    |connect_1_V_V_U   |        2|  52|   0|    -|    50|   32|     1600|
    |connect_2_V_V_U   |        0|   5|   0|    -|     2|   32|       64|
    |connect_3_V_V_U   |        2|  52|   0|    -|    50|   32|     1600|
    |connect_4_V_V_U   |        2|  52|   0|    -|    50|   32|     1600|
    |connect_5_V_V_U   |        0|   5|   0|    -|     2|   32|       64|
    |connect_6_V_V_U   |        2|  52|   0|    -|    50|   32|     1600|
    |connect_7_V_V_U   |        2|  52|   0|    -|    50|   32|     1600|
    |connect_8_V_V_U   |        0|   5|   0|    -|     2|   32|       64|
    |connect_9_V_V_U   |        2|  52|   0|    -|    50|   32|     1600|
    +------------------+---------+----+----+-----+------+-----+---------+
    |Total             |       18| 483|   0|    0|   456|  384|    14592|
    +------------------+---------+----+----+-----+------+-----+---------+

    * Expression: 
    N/A

    * Multiplexer: 
    N/A

    * Register: 
    N/A



================================================================
== Interface
================================================================
* Summary: 
+-------------------+-----+-----+--------------+---------------------+--------------+
|     RTL Ports     | Dir | Bits|   Protocol   |    Source Object    |    C Type    |
+-------------------+-----+-----+--------------+---------------------+--------------+
|in_stream_TDATA    |  in |   32|     axis     |  in_stream_V_data_V |    pointer   |
|in_stream_TLAST    |  in |    1|     axis     |   in_stream_V_last  |    pointer   |
|in_stream_TVALID   |  in |    1|     axis     |   in_stream_V_last  |    pointer   |
|in_stream_TREADY   | out |    1|     axis     |   in_stream_V_last  |    pointer   |
|out_stream_TDATA   | out |   32|     axis     | out_stream_V_data_V |    pointer   |
|out_stream_TLAST   | out |    1|     axis     |  out_stream_V_last  |    pointer   |
|out_stream_TVALID  | out |    1|     axis     |  out_stream_V_last  |    pointer   |
|out_stream_TREADY  |  in |    1|     axis     |  out_stream_V_last  |    pointer   |
|ap_clk             |  in |    1| ap_ctrl_none |       cifar_10      | return value |
|ap_rst_n           |  in |    1| ap_ctrl_none |       cifar_10      | return value |
+-------------------+-----+-----+--------------+---------------------+--------------+

