

================================================================
== Vivado HLS Report for 'SCIG'
================================================================
* Date:           Fri Dec 27 20:26:23 2019

* Version:        2019.1 (Build 2552052 on Fri May 24 15:28:33 MDT 2019)
* Project:        CIFAR_10
* Solution:       solution1
* Product family: zynq
* Target device:  xc7z020-clg484-1


================================================================
== Performance Estimates
================================================================
+ Timing (ns): 
    * Summary: 
    +--------+-------+----------+------------+
    |  Clock | Target| Estimated| Uncertainty|
    +--------+-------+----------+------------+
    |ap_clk  |  10.00|    12.592|        1.25|
    +--------+-------+----------+------------+

+ Latency (clock cycles): 
    * Summary: 
    +-----+-----+-----+-----+---------+
    |  Latency  |  Interval | Pipeline|
    | min | max | min | max |   Type  |
    +-----+-----+-----+-----+---------+
    |    ?|    ?|    ?|    ?|   none  |
    +-----+-----+-----+-----+---------+

    + Detail: 
        * Instance: 
        N/A

        * Loop: 
        +----------+-----+-----+----------+-----------+-----------+------+----------+
        |          |  Latency  | Iteration|  Initiation Interval  | Trip |          |
        | Loop Name| min | max |  Latency |  achieved |   target  | Count| Pipelined|
        +----------+-----+-----+----------+-----------+-----------+------+----------+
        |- Loop 1  |    ?|    ?|         9|          3|          1|     ?|    yes   |
        |- Loop 2  |    ?|    ?|         2|          1|          1|     ?|    yes   |
        +----------+-----+-----+----------+-----------+-----------+------+----------+

============================================================
+ Verbose Summary: Synthesis Manager
============================================================
InlineROM: 1
ExposeGlobal: 0
============================================================
+ Verbose Summary: CDFG Model
============================================================
IsTopModel: 0
ResetActiveHigh: 1
IsCombinational: 2
IsDatapathOnly: 0
HasWiredReturn: 1
HasMFsm: 0
HasVarLatency: 1
IsPipeline: 0
IsRtlPipelined: 0
IsInstanceOverlapped: 0
IsDontTouch: 0
HasImplIP: 0
IsGatedGlobalClock: 0

+ Individual pipeline summary: 
  * Pipeline-0: initiation interval (II) = 1, depth = 2
  * Pipeline-1: initiation interval (II) = 3, depth = 9


============================================================
+ Verbose Summary: Schedule
============================================================
* Number of FSM states : 23
* Pipeline : 2
  Pipeline-0 : II = 1, D = 2, States = { 11 12 }
  Pipeline-1 : II = 3, D = 9, States = { 14 15 16 17 18 19 20 21 22 }
* Dataflow Pipeline: 0

* FSM state transitions: 
1 --> 2 
2 --> 3 
3 --> 4 
4 --> 5 
5 --> 6 
6 --> 7 
7 --> 8 
8 --> 9 14 
9 --> 10 
10 --> 11 
11 --> 13 12 
12 --> 11 
13 --> 
14 --> 23 15 
15 --> 16 
16 --> 17 
17 --> 18 
18 --> 19 
19 --> 20 
20 --> 21 
21 --> 22 
22 --> 14 
23 --> 13 

* FSM state operations: 

State 1 <SV = 0> <Delay = 7.26>
ST_1 : Operation 24 [1/1] (0.00ns)   --->   "%IFMPadDimSqrt = alloca i12, align 2" [./../hw_library/stream_convolution_slideWindow.h:104]   --->   Operation 24 'alloca' 'IFMPadDimSqrt' <Predicate = true> <Delay = 0.00>
ST_1 : Operation 25 [1/1] (0.00ns)   --->   "%inputBuf_V = alloca [10500 x i16], align 2" [./../hw_library/stream_convolution_slideWindow.h:107]   --->   Operation 25 'alloca' 'inputBuf_V' <Predicate = true> <Delay = 0.00> <Core = "RAM">   --->   Core 37 'RAM' <Latency = 1> <II = 1> <Delay = 3.25> <Storage> <Opcode : 'load' 'store'> <Ports = 2> <Width = 16> <Depth = 10500> <RAM>
ST_1 : Operation 26 [1/1] (0.00ns)   --->   "%inElem_V = alloca [256 x i16], align 2" [./../hw_library/stream_convolution_slideWindow.h:127]   --->   Operation 26 'alloca' 'inElem_V' <Predicate = true> <Delay = 0.00> <Core = "RAM_S2P_LUTRAM">   --->   Core 50 'RAM_S2P_LUTRAM' <Latency = 1> <II = 1> <Delay = 2.26> <Storage> <Opcode : 'load' 'store'> <Ports = 2> <Width = 16> <Depth = 256> <RAM>
ST_1 : Operation 27 [1/1] (3.63ns)   --->   "%tmp_V = call i32 @_ssdm_op_Read.ap_fifo.volatile.i32P(i32* %in_V_V)" [./../hw_library/stream_convolution_slideWindow.h:68]   --->   Operation 27 'read' 'tmp_V' <Predicate = true> <Delay = 3.63> <Core = "FIFO_SRL">   --->   Core 36 'FIFO_SRL' <Latency = 0> <II = 1> <Delay = 3.63> <Storage> <Opcode : 'read' 'write' 'nbread' 'nbwrite'> <Ports = 0> <Width = 32> <Depth = 0> <FIFO>
ST_1 : Operation 28 [1/1] (3.63ns)   --->   "call void @_ssdm_op_Write.ap_fifo.volatile.i32P(i32* %out_V_V, i32 %tmp_V)" [./../hw_library/stream_convolution_slideWindow.h:70]   --->   Operation 28 'write' <Predicate = true> <Delay = 3.63> <Core = "FIFO_SRL">   --->   Core 36 'FIFO_SRL' <Latency = 0> <II = 1> <Delay = 3.63> <Storage> <Opcode : 'read' 'write' 'nbread' 'nbwrite'> <Ports = 0> <Width = 32> <Depth = 0> <FIFO>
ST_1 : Operation 29 [1/1] (2.47ns)   --->   "%icmp_ln100 = icmp eq i32 %tmp_V, 0" [./../hw_library/stream_convolution_slideWindow.h:100]   --->   Operation 29 'icmp' 'icmp_ln100' <Predicate = true> <Delay = 2.47> <Core = "Cmp">   --->   Core 25 'Cmp' <Latency = 0> <II = 1> <Delay = 2.47> <FuncUnit> <Opcode : 'icmp'> <InPorts = 2> <OutPorts = 1>

State 2 <SV = 1> <Delay = 7.26>
ST_2 : Operation 30 [1/1] (3.63ns)   --->   "%tmp_V_286 = call i32 @_ssdm_op_Read.ap_fifo.volatile.i32P(i32* %in_V_V)" [./../hw_library/stream_convolution_slideWindow.h:72]   --->   Operation 30 'read' 'tmp_V_286' <Predicate = true> <Delay = 3.63> <Core = "FIFO_SRL">   --->   Core 36 'FIFO_SRL' <Latency = 0> <II = 1> <Delay = 3.63> <Storage> <Opcode : 'read' 'write' 'nbread' 'nbwrite'> <Ports = 0> <Width = 32> <Depth = 0> <FIFO>
ST_2 : Operation 31 [1/1] (3.63ns)   --->   "call void @_ssdm_op_Write.ap_fifo.volatile.i32P(i32* %out_V_V, i32 %tmp_V_286)" [./../hw_library/stream_convolution_slideWindow.h:74]   --->   Operation 31 'write' <Predicate = true> <Delay = 3.63> <Core = "FIFO_SRL">   --->   Core 36 'FIFO_SRL' <Latency = 0> <II = 1> <Delay = 3.63> <Storage> <Opcode : 'read' 'write' 'nbread' 'nbwrite'> <Ports = 0> <Width = 32> <Depth = 0> <FIFO>

State 3 <SV = 2> <Delay = 7.26>
ST_3 : Operation 32 [1/1] (3.63ns)   --->   "%tmp_V_288 = call i32 @_ssdm_op_Read.ap_fifo.volatile.i32P(i32* %in_V_V)" [./../hw_library/stream_convolution_slideWindow.h:76]   --->   Operation 32 'read' 'tmp_V_288' <Predicate = true> <Delay = 3.63> <Core = "FIFO_SRL">   --->   Core 36 'FIFO_SRL' <Latency = 0> <II = 1> <Delay = 3.63> <Storage> <Opcode : 'read' 'write' 'nbread' 'nbwrite'> <Ports = 0> <Width = 32> <Depth = 0> <FIFO>
ST_3 : Operation 33 [1/1] (3.63ns)   --->   "call void @_ssdm_op_Write.ap_fifo.volatile.i32P(i32* %out_V_V, i32 %tmp_V_288)" [./../hw_library/stream_convolution_slideWindow.h:78]   --->   Operation 33 'write' <Predicate = true> <Delay = 3.63> <Core = "FIFO_SRL">   --->   Core 36 'FIFO_SRL' <Latency = 0> <II = 1> <Delay = 3.63> <Storage> <Opcode : 'read' 'write' 'nbread' 'nbwrite'> <Ports = 0> <Width = 32> <Depth = 0> <FIFO>

State 4 <SV = 3> <Delay = 7.26>
ST_4 : Operation 34 [1/1] (3.63ns)   --->   "%tmp_V_290 = call i32 @_ssdm_op_Read.ap_fifo.volatile.i32P(i32* %in_V_V)" [./../hw_library/stream_convolution_slideWindow.h:80]   --->   Operation 34 'read' 'tmp_V_290' <Predicate = true> <Delay = 3.63> <Core = "FIFO_SRL">   --->   Core 36 'FIFO_SRL' <Latency = 0> <II = 1> <Delay = 3.63> <Storage> <Opcode : 'read' 'write' 'nbread' 'nbwrite'> <Ports = 0> <Width = 32> <Depth = 0> <FIFO>
ST_4 : Operation 35 [1/1] (3.63ns)   --->   "call void @_ssdm_op_Write.ap_fifo.volatile.i32P(i32* %out_V_V, i32 %tmp_V_290)" [./../hw_library/stream_convolution_slideWindow.h:82]   --->   Operation 35 'write' <Predicate = true> <Delay = 3.63> <Core = "FIFO_SRL">   --->   Core 36 'FIFO_SRL' <Latency = 0> <II = 1> <Delay = 3.63> <Storage> <Opcode : 'read' 'write' 'nbread' 'nbwrite'> <Ports = 0> <Width = 32> <Depth = 0> <FIFO>

State 5 <SV = 4> <Delay = 7.26>
ST_5 : Operation 36 [1/1] (3.63ns)   --->   "%tmp_V_292 = call i32 @_ssdm_op_Read.ap_fifo.volatile.i32P(i32* %in_V_V)" [./../hw_library/stream_convolution_slideWindow.h:84]   --->   Operation 36 'read' 'tmp_V_292' <Predicate = true> <Delay = 3.63> <Core = "FIFO_SRL">   --->   Core 36 'FIFO_SRL' <Latency = 0> <II = 1> <Delay = 3.63> <Storage> <Opcode : 'read' 'write' 'nbread' 'nbwrite'> <Ports = 0> <Width = 32> <Depth = 0> <FIFO>
ST_5 : Operation 37 [1/1] (3.63ns)   --->   "call void @_ssdm_op_Write.ap_fifo.volatile.i32P(i32* %out_V_V, i32 %tmp_V_292)" [./../hw_library/stream_convolution_slideWindow.h:86]   --->   Operation 37 'write' <Predicate = true> <Delay = 3.63> <Core = "FIFO_SRL">   --->   Core 36 'FIFO_SRL' <Latency = 0> <II = 1> <Delay = 3.63> <Storage> <Opcode : 'read' 'write' 'nbread' 'nbwrite'> <Ports = 0> <Width = 32> <Depth = 0> <FIFO>

State 6 <SV = 5> <Delay = 7.26>
ST_6 : Operation 38 [1/1] (3.63ns)   --->   "%tmp_V_294 = call i32 @_ssdm_op_Read.ap_fifo.volatile.i32P(i32* %in_V_V)" [./../hw_library/stream_convolution_slideWindow.h:88]   --->   Operation 38 'read' 'tmp_V_294' <Predicate = true> <Delay = 3.63> <Core = "FIFO_SRL">   --->   Core 36 'FIFO_SRL' <Latency = 0> <II = 1> <Delay = 3.63> <Storage> <Opcode : 'read' 'write' 'nbread' 'nbwrite'> <Ports = 0> <Width = 32> <Depth = 0> <FIFO>
ST_6 : Operation 39 [1/1] (3.63ns)   --->   "call void @_ssdm_op_Write.ap_fifo.volatile.i32P(i32* %out_V_V, i32 %tmp_V_294)" [./../hw_library/stream_convolution_slideWindow.h:90]   --->   Operation 39 'write' <Predicate = true> <Delay = 3.63> <Core = "FIFO_SRL">   --->   Core 36 'FIFO_SRL' <Latency = 0> <II = 1> <Delay = 3.63> <Storage> <Opcode : 'read' 'write' 'nbread' 'nbwrite'> <Ports = 0> <Width = 32> <Depth = 0> <FIFO>

State 7 <SV = 6> <Delay = 7.26>
ST_7 : Operation 40 [1/1] (3.63ns)   --->   "%tmp_V_296 = call i32 @_ssdm_op_Read.ap_fifo.volatile.i32P(i32* %in_V_V)" [./../hw_library/stream_convolution_slideWindow.h:92]   --->   Operation 40 'read' 'tmp_V_296' <Predicate = true> <Delay = 3.63> <Core = "FIFO_SRL">   --->   Core 36 'FIFO_SRL' <Latency = 0> <II = 1> <Delay = 3.63> <Storage> <Opcode : 'read' 'write' 'nbread' 'nbwrite'> <Ports = 0> <Width = 32> <Depth = 0> <FIFO>
ST_7 : Operation 41 [1/1] (3.63ns)   --->   "call void @_ssdm_op_Write.ap_fifo.volatile.i32P(i32* %out_V_V, i32 %tmp_V_296)" [./../hw_library/stream_convolution_slideWindow.h:94]   --->   Operation 41 'write' <Predicate = true> <Delay = 3.63> <Core = "FIFO_SRL">   --->   Core 36 'FIFO_SRL' <Latency = 0> <II = 1> <Delay = 3.63> <Storage> <Opcode : 'read' 'write' 'nbread' 'nbwrite'> <Ports = 0> <Width = 32> <Depth = 0> <FIFO>

State 8 <SV = 7> <Delay = 12.5>
ST_8 : Operation 42 [1/1] (0.00ns)   --->   "call void (...)* @_ssdm_op_SpecInterface(i32* %out_V_V, [8 x i8]* @ap_fifo_str, i32 0, i32 0, [1 x i8]* @p_str141, i32 0, i32 0, [1 x i8]* @p_str142, [1 x i8]* @p_str143, [1 x i8]* @p_str144, i32 2, i32 2, i32 16, i32 16, [1 x i8]* @p_str145, [1 x i8]* @p_str146)"   --->   Operation 42 'specinterface' <Predicate = true> <Delay = 0.00>
ST_8 : Operation 43 [1/1] (0.00ns)   --->   "call void (...)* @_ssdm_op_SpecInterface(i32* %in_V_V, [8 x i8]* @ap_fifo_str, i32 0, i32 0, [1 x i8]* @p_str134, i32 0, i32 0, [1 x i8]* @p_str135, [1 x i8]* @p_str136, [1 x i8]* @p_str137, i32 2, i32 2, i32 16, i32 16, [1 x i8]* @p_str138, [1 x i8]* @p_str139)"   --->   Operation 43 'specinterface' <Predicate = true> <Delay = 0.00>
ST_8 : Operation 44 [1/1] (3.63ns)   --->   "%tmp_V_298 = call i32 @_ssdm_op_Read.ap_fifo.volatile.i32P(i32* %in_V_V)" [./../hw_library/stream_convolution_slideWindow.h:96]   --->   Operation 44 'read' 'tmp_V_298' <Predicate = true> <Delay = 3.63> <Core = "FIFO_SRL">   --->   Core 36 'FIFO_SRL' <Latency = 0> <II = 1> <Delay = 3.63> <Storage> <Opcode : 'read' 'write' 'nbread' 'nbwrite'> <Ports = 0> <Width = 32> <Depth = 0> <FIFO>
ST_8 : Operation 45 [1/1] (3.63ns)   --->   "call void @_ssdm_op_Write.ap_fifo.volatile.i32P(i32* %out_V_V, i32 %tmp_V_298)" [./../hw_library/stream_convolution_slideWindow.h:98]   --->   Operation 45 'write' <Predicate = true> <Delay = 3.63> <Core = "FIFO_SRL">   --->   Core 36 'FIFO_SRL' <Latency = 0> <II = 1> <Delay = 3.63> <Storage> <Opcode : 'read' 'write' 'nbread' 'nbwrite'> <Ports = 0> <Width = 32> <Depth = 0> <FIFO>
ST_8 : Operation 46 [1/1] (0.00ns)   --->   "br i1 %icmp_ln100, label %hls_label_8_begin, label %hls_label_11_begin" [./../hw_library/stream_convolution_slideWindow.h:100]   --->   Operation 46 'br' <Predicate = true> <Delay = 0.00>
ST_8 : Operation 47 [1/1] (12.5ns)   --->   "%KER_size_0 = mul i32 %tmp_V_294, %tmp_V_288" [./../hw_library/stream_convolution_slideWindow.h:183]   --->   Operation 47 'mul' 'KER_size_0' <Predicate = (!icmp_ln100)> <Delay = 12.5> <Core = "Mul_LUT">   --->   Core 82 'Mul_LUT' <Latency = 0> <II = 1> <Delay = 12.5> <FuncUnit> <Opcode : 'mul'> <InPorts = 2> <OutPorts = 1>
ST_8 : Operation 48 [1/1] (0.00ns)   --->   "%oy_0 = alloca i32"   --->   Operation 48 'alloca' 'oy_0' <Predicate = (icmp_ln100)> <Delay = 0.00>
ST_8 : Operation 49 [1/1] (0.00ns)   --->   "%ox_3 = alloca i32"   --->   Operation 49 'alloca' 'ox_3' <Predicate = (icmp_ln100)> <Delay = 0.00>
ST_8 : Operation 50 [1/1] (0.00ns)   --->   "%ky_3 = alloca i32"   --->   Operation 50 'alloca' 'ky_3' <Predicate = (icmp_ln100)> <Delay = 0.00>
ST_8 : Operation 51 [1/1] (0.00ns)   --->   "%inp_j_0 = alloca i32"   --->   Operation 51 'alloca' 'inp_j_0' <Predicate = (icmp_ln100)> <Delay = 0.00>
ST_8 : Operation 52 [1/1] (0.00ns)   --->   "%inp_i_0 = alloca i32"   --->   Operation 52 'alloca' 'inp_i_0' <Predicate = (icmp_ln100)> <Delay = 0.00>
ST_8 : Operation 53 [1/1] (0.00ns)   --->   "%kx_3 = alloca i32"   --->   Operation 53 'alloca' 'kx_3' <Predicate = (icmp_ln100)> <Delay = 0.00>
ST_8 : Operation 54 [1/1] (0.00ns)   --->   "%tmp_s = call i32 (...)* @_ssdm_op_SpecRegionBegin([12 x i8]* @p_str72)" [./../hw_library/stream_convolution_slideWindow.h:100]   --->   Operation 54 'specregionbegin' 'tmp_s' <Predicate = (icmp_ln100)> <Delay = 0.00>
ST_8 : Operation 55 [1/1] (0.00ns)   --->   "store i12 1296, i12* %IFMPadDimSqrt, align 2" [./../hw_library/stream_convolution_slideWindow.h:104]   --->   Operation 55 'store' <Predicate = (icmp_ln100)> <Delay = 0.00>
ST_8 : Operation 56 [1/1] (0.00ns)   --->   "call void (...)* @_ssdm_op_SpecFUCore(i12* %IFMPadDimSqrt, [1 x i8]* @p_str1, [8 x i8]* @p_str2, [1 x i8]* @p_str1, i32 -1, [1 x i8]* @p_str1, [1 x i8]* @p_str1, [1 x i8]* @p_str1, [1 x i8]* @p_str1, [1 x i8]* @p_str1)" [./../hw_library/stream_convolution_slideWindow.h:105]   --->   Operation 56 'specfucore' <Predicate = (icmp_ln100)> <Delay = 0.00>
ST_8 : Operation 57 [1/1] (12.5ns)   --->   "%baseIterBound = mul i32 %tmp_V_286, 25816" [./../hw_library/stream_convolution_slideWindow.h:121]   --->   Operation 57 'mul' 'baseIterBound' <Predicate = (icmp_ln100)> <Delay = 12.5> <Core = "Mul_LUT">   --->   Core 82 'Mul_LUT' <Latency = 0> <II = 1> <Delay = 12.5> <FuncUnit> <Opcode : 'mul'> <InPorts = 2> <OutPorts = 1>
ST_8 : Operation 58 [1/1] (0.00ns)   --->   "call void (...)* @_ssdm_op_SpecFUCore(i32 %baseIterBound, [1 x i8]* @p_str1, [8 x i8]* @p_str2, [1 x i8]* @p_str1, i32 -1, [1 x i8]* @p_str1, [1 x i8]* @p_str1, [1 x i8]* @p_str1, [1 x i8]* @p_str1, [1 x i8]* @p_str1)" [./../hw_library/stream_convolution_slideWindow.h:122]   --->   Operation 58 'specfucore' <Predicate = (icmp_ln100)> <Delay = 0.00>
ST_8 : Operation 59 [1/1] (0.00ns)   --->   "%inElem_V_addr = getelementptr [256 x i16]* %inElem_V, i64 0, i64 0" [./../hw_library/stream_convolution_slideWindow.h:131]   --->   Operation 59 'getelementptr' 'inElem_V_addr' <Predicate = (icmp_ln100)> <Delay = 0.00>
ST_8 : Operation 60 [1/1] (0.00ns)   --->   "%inElem_V_addr_1 = getelementptr [256 x i16]* %inElem_V, i64 0, i64 1" [./../hw_library/stream_convolution_slideWindow.h:131]   --->   Operation 60 'getelementptr' 'inElem_V_addr_1' <Predicate = (icmp_ln100)> <Delay = 0.00>
ST_8 : Operation 61 [1/1] (0.00ns)   --->   "%inElem_V_addr_2 = getelementptr [256 x i16]* %inElem_V, i64 0, i64 2" [./../hw_library/stream_convolution_slideWindow.h:131]   --->   Operation 61 'getelementptr' 'inElem_V_addr_2' <Predicate = (icmp_ln100)> <Delay = 0.00>
ST_8 : Operation 62 [1/1] (1.76ns)   --->   "store i32 0, i32* %kx_3" [./../hw_library/stream_convolution_slideWindow.h:123]   --->   Operation 62 'store' <Predicate = (icmp_ln100)> <Delay = 1.76>
ST_8 : Operation 63 [1/1] (1.76ns)   --->   "store i32 -2, i32* %inp_i_0" [./../hw_library/stream_convolution_slideWindow.h:123]   --->   Operation 63 'store' <Predicate = (icmp_ln100)> <Delay = 1.76>
ST_8 : Operation 64 [1/1] (1.76ns)   --->   "store i32 -2, i32* %inp_j_0" [./../hw_library/stream_convolution_slideWindow.h:123]   --->   Operation 64 'store' <Predicate = (icmp_ln100)> <Delay = 1.76>
ST_8 : Operation 65 [1/1] (1.76ns)   --->   "store i32 0, i32* %ky_3" [./../hw_library/stream_convolution_slideWindow.h:123]   --->   Operation 65 'store' <Predicate = (icmp_ln100)> <Delay = 1.76>
ST_8 : Operation 66 [1/1] (1.76ns)   --->   "store i32 0, i32* %ox_3" [./../hw_library/stream_convolution_slideWindow.h:123]   --->   Operation 66 'store' <Predicate = (icmp_ln100)> <Delay = 1.76>
ST_8 : Operation 67 [1/1] (1.76ns)   --->   "store i32 0, i32* %oy_0" [./../hw_library/stream_convolution_slideWindow.h:123]   --->   Operation 67 'store' <Predicate = (icmp_ln100)> <Delay = 1.76>
ST_8 : Operation 68 [1/1] (1.76ns)   --->   "br label %1" [./../hw_library/stream_convolution_slideWindow.h:123]   --->   Operation 68 'br' <Predicate = (icmp_ln100)> <Delay = 1.76>

State 9 <SV = 8> <Delay = 12.5>
ST_9 : Operation 69 [1/1] (12.5ns)   --->   "%KER_size_1 = mul i32 %tmp_V_288, %KER_size_0" [./../hw_library/stream_convolution_slideWindow.h:184]   --->   Operation 69 'mul' 'KER_size_1' <Predicate = true> <Delay = 12.5> <Core = "Mul_LUT">   --->   Core 82 'Mul_LUT' <Latency = 0> <II = 1> <Delay = 12.5> <FuncUnit> <Opcode : 'mul'> <InPorts = 2> <OutPorts = 1>
ST_9 : Operation 70 [1/1] (0.00ns)   --->   "call void (...)* @_ssdm_op_SpecFUCore(i32 %KER_size_0, [1 x i8]* @p_str1, [8 x i8]* @p_str2, [1 x i8]* @p_str1, i32 -1, [1 x i8]* @p_str1, [1 x i8]* @p_str1, [1 x i8]* @p_str1, [1 x i8]* @p_str1, [1 x i8]* @p_str1)" [./../hw_library/stream_convolution_slideWindow.h:186]   --->   Operation 70 'specfucore' <Predicate = true> <Delay = 0.00>

State 10 <SV = 9> <Delay = 12.5>
ST_10 : Operation 71 [1/1] (0.00ns)   --->   "%tmp_9 = call i32 (...)* @_ssdm_op_SpecRegionBegin([13 x i8]* @p_str75)" [./../hw_library/stream_convolution_slideWindow.h:182]   --->   Operation 71 'specregionbegin' 'tmp_9' <Predicate = true> <Delay = 0.00>
ST_10 : Operation 72 [1/1] (12.5ns)   --->   "%KER_bound = mul i32 %tmp_V_290, %KER_size_1" [./../hw_library/stream_convolution_slideWindow.h:185]   --->   Operation 72 'mul' 'KER_bound' <Predicate = true> <Delay = 12.5> <Core = "Mul_LUT">   --->   Core 82 'Mul_LUT' <Latency = 0> <II = 1> <Delay = 12.5> <FuncUnit> <Opcode : 'mul'> <InPorts = 2> <OutPorts = 1>
ST_10 : Operation 73 [1/1] (0.00ns)   --->   "call void (...)* @_ssdm_op_SpecFUCore(i32 %KER_size_1, [1 x i8]* @p_str1, [8 x i8]* @p_str2, [1 x i8]* @p_str1, i32 -1, [1 x i8]* @p_str1, [1 x i8]* @p_str1, [1 x i8]* @p_str1, [1 x i8]* @p_str1, [1 x i8]* @p_str1)" [./../hw_library/stream_convolution_slideWindow.h:187]   --->   Operation 73 'specfucore' <Predicate = true> <Delay = 0.00>
ST_10 : Operation 74 [1/1] (0.00ns)   --->   "call void (...)* @_ssdm_op_SpecFUCore(i32 %KER_bound, [1 x i8]* @p_str1, [8 x i8]* @p_str2, [1 x i8]* @p_str1, i32 -1, [1 x i8]* @p_str1, [1 x i8]* @p_str1, [1 x i8]* @p_str1, [1 x i8]* @p_str1, [1 x i8]* @p_str1)" [./../hw_library/stream_convolution_slideWindow.h:188]   --->   Operation 74 'specfucore' <Predicate = true> <Delay = 0.00>
ST_10 : Operation 75 [1/1] (1.76ns)   --->   "br label %6" [./../hw_library/stream_convolution_slideWindow.h:189]   --->   Operation 75 'br' <Predicate = true> <Delay = 1.76>

State 11 <SV = 10> <Delay = 2.55>
ST_11 : Operation 76 [1/1] (0.00ns)   --->   "%i6_0 = phi i32 [ 0, %hls_label_11_begin ], [ %i, %hls_label_12 ]"   --->   Operation 76 'phi' 'i6_0' <Predicate = true> <Delay = 0.00>
ST_11 : Operation 77 [1/1] (2.47ns)   --->   "%icmp_ln189 = icmp eq i32 %i6_0, %KER_bound" [./../hw_library/stream_convolution_slideWindow.h:189]   --->   Operation 77 'icmp' 'icmp_ln189' <Predicate = true> <Delay = 2.47> <Core = "Cmp">   --->   Core 25 'Cmp' <Latency = 0> <II = 1> <Delay = 2.47> <FuncUnit> <Opcode : 'icmp'> <InPorts = 2> <OutPorts = 1>
ST_11 : Operation 78 [1/1] (2.55ns)   --->   "%i = add i32 %i6_0, 1" [./../hw_library/stream_convolution_slideWindow.h:189]   --->   Operation 78 'add' 'i' <Predicate = true> <Delay = 2.55> <Core = "AddSub">   --->   Core 14 'AddSub' <Latency = 0> <II = 1> <Delay = 2.55> <FuncUnit> <Opcode : 'add' 'sub'> <InPorts = 2> <OutPorts = 1>
ST_11 : Operation 79 [1/1] (0.00ns)   --->   "br i1 %icmp_ln189, label %hls_label_11_end, label %hls_label_12" [./../hw_library/stream_convolution_slideWindow.h:189]   --->   Operation 79 'br' <Predicate = true> <Delay = 0.00>

State 12 <SV = 11> <Delay = 7.26>
ST_12 : Operation 80 [1/1] (0.00ns)   --->   "%tmp_10 = call i32 (...)* @_ssdm_op_SpecRegionBegin([13 x i8]* @p_str76)" [./../hw_library/stream_convolution_slideWindow.h:189]   --->   Operation 80 'specregionbegin' 'tmp_10' <Predicate = (!icmp_ln189)> <Delay = 0.00>
ST_12 : Operation 81 [1/1] (0.00ns)   --->   "call void (...)* @_ssdm_op_SpecPipeline(i32 1, i32 1, i32 1, i32 0, [1 x i8]* @p_str1) nounwind" [./../hw_library/stream_convolution_slideWindow.h:190]   --->   Operation 81 'specpipeline' <Predicate = (!icmp_ln189)> <Delay = 0.00>
ST_12 : Operation 82 [1/1] (3.63ns)   --->   "%tmp_V_300 = call i32 @_ssdm_op_Read.ap_fifo.volatile.i32P(i32* %in_V_V)" [./../hw_library/stream_convolution_slideWindow.h:191]   --->   Operation 82 'read' 'tmp_V_300' <Predicate = (!icmp_ln189)> <Delay = 3.63> <Core = "FIFO_SRL">   --->   Core 36 'FIFO_SRL' <Latency = 0> <II = 1> <Delay = 3.63> <Storage> <Opcode : 'read' 'write' 'nbread' 'nbwrite'> <Ports = 0> <Width = 32> <Depth = 0> <FIFO>
ST_12 : Operation 83 [1/1] (3.63ns)   --->   "call void @_ssdm_op_Write.ap_fifo.volatile.i32P(i32* %out_V_V, i32 %tmp_V_300)" [./../hw_library/stream_convolution_slideWindow.h:192]   --->   Operation 83 'write' <Predicate = (!icmp_ln189)> <Delay = 3.63> <Core = "FIFO_SRL">   --->   Core 36 'FIFO_SRL' <Latency = 0> <II = 1> <Delay = 3.63> <Storage> <Opcode : 'read' 'write' 'nbread' 'nbwrite'> <Ports = 0> <Width = 32> <Depth = 0> <FIFO>
ST_12 : Operation 84 [1/1] (0.00ns)   --->   "%empty_156 = call i32 (...)* @_ssdm_op_SpecRegionEnd([13 x i8]* @p_str76, i32 %tmp_10)" [./../hw_library/stream_convolution_slideWindow.h:193]   --->   Operation 84 'specregionend' 'empty_156' <Predicate = (!icmp_ln189)> <Delay = 0.00>
ST_12 : Operation 85 [1/1] (0.00ns)   --->   "br label %6" [./../hw_library/stream_convolution_slideWindow.h:189]   --->   Operation 85 'br' <Predicate = (!icmp_ln189)> <Delay = 0.00>

State 13 <SV = 11> <Delay = 0.00>
ST_13 : Operation 86 [1/1] (0.00ns)   --->   "%empty_157 = call i32 (...)* @_ssdm_op_SpecRegionEnd([13 x i8]* @p_str75, i32 %tmp_9)" [./../hw_library/stream_convolution_slideWindow.h:194]   --->   Operation 86 'specregionend' 'empty_157' <Predicate = (!icmp_ln100)> <Delay = 0.00>
ST_13 : Operation 87 [1/1] (0.00ns)   --->   "br label %7"   --->   Operation 87 'br' <Predicate = (!icmp_ln100)> <Delay = 0.00>
ST_13 : Operation 88 [1/1] (0.00ns)   --->   "ret void" [./../hw_library/stream_convolution_slideWindow.h:195]   --->   Operation 88 'ret' <Predicate = true> <Delay = 0.00>

State 14 <SV = 8> <Delay = 4.42>
ST_14 : Operation 89 [1/1] (0.00ns)   --->   "%inp_0 = phi i32 [ 0, %hls_label_8_begin ], [ %inp_6, %hls_label_9_end ]" [./../hw_library/stream_convolution_slideWindow.h:172]   --->   Operation 89 'phi' 'inp_0' <Predicate = true> <Delay = 0.00>
ST_14 : Operation 90 [1/1] (0.00ns)   --->   "%i_0 = phi i32 [ 0, %hls_label_8_begin ], [ %i_8, %hls_label_9_end ]"   --->   Operation 90 'phi' 'i_0' <Predicate = true> <Delay = 0.00>
ST_14 : Operation 91 [1/1] (2.47ns)   --->   "%icmp_ln123 = icmp eq i32 %i_0, %baseIterBound" [./../hw_library/stream_convolution_slideWindow.h:123]   --->   Operation 91 'icmp' 'icmp_ln123' <Predicate = true> <Delay = 2.47> <Core = "Cmp">   --->   Core 25 'Cmp' <Latency = 0> <II = 1> <Delay = 2.47> <FuncUnit> <Opcode : 'icmp'> <InPorts = 2> <OutPorts = 1>
ST_14 : Operation 92 [1/1] (2.55ns)   --->   "%i_8 = add i32 %i_0, 1" [./../hw_library/stream_convolution_slideWindow.h:123]   --->   Operation 92 'add' 'i_8' <Predicate = true> <Delay = 2.55> <Core = "AddSub">   --->   Core 14 'AddSub' <Latency = 0> <II = 1> <Delay = 2.55> <FuncUnit> <Opcode : 'add' 'sub'> <InPorts = 2> <OutPorts = 1>
ST_14 : Operation 93 [1/1] (0.00ns)   --->   "br i1 %icmp_ln123, label %hls_label_8_end, label %hls_label_9_begin" [./../hw_library/stream_convolution_slideWindow.h:123]   --->   Operation 93 'br' <Predicate = true> <Delay = 0.00>
ST_14 : Operation 94 [1/1] (0.00ns)   --->   "%tmp_8 = call i32 (...)* @_ssdm_op_SpecRegionBegin([12 x i8]* @p_str73)" [./../hw_library/stream_convolution_slideWindow.h:123]   --->   Operation 94 'specregionbegin' 'tmp_8' <Predicate = (!icmp_ln123)> <Delay = 0.00>
ST_14 : Operation 95 [1/1] (0.00ns)   --->   "call void (...)* @_ssdm_op_SpecPipeline(i32 1, i32 1, i32 1, i32 0, [1 x i8]* @p_str1) nounwind" [./../hw_library/stream_convolution_slideWindow.h:124]   --->   Operation 95 'specpipeline' <Predicate = (!icmp_ln123)> <Delay = 0.00>
ST_14 : Operation 96 [1/1] (0.00ns)   --->   "%IFMPadDimSqrt_load = load i12* %IFMPadDimSqrt, align 2" [./../hw_library/stream_convolution_slideWindow.h:126]   --->   Operation 96 'load' 'IFMPadDimSqrt_load' <Predicate = (!icmp_ln123)> <Delay = 0.00>
ST_14 : Operation 97 [1/1] (0.00ns)   --->   "%sext_ln126 = sext i12 %IFMPadDimSqrt_load to i32" [./../hw_library/stream_convolution_slideWindow.h:126]   --->   Operation 97 'sext' 'sext_ln126' <Predicate = (!icmp_ln123)> <Delay = 0.00>
ST_14 : Operation 98 [1/1] (2.47ns)   --->   "%icmp_ln126 = icmp ult i32 %inp_0, %sext_ln126" [./../hw_library/stream_convolution_slideWindow.h:126]   --->   Operation 98 'icmp' 'icmp_ln126' <Predicate = (!icmp_ln123)> <Delay = 2.47> <Core = "Cmp">   --->   Core 25 'Cmp' <Latency = 0> <II = 1> <Delay = 2.47> <FuncUnit> <Opcode : 'icmp'> <InPorts = 2> <OutPorts = 1>
ST_14 : Operation 99 [1/1] (1.76ns)   --->   "br i1 %icmp_ln126, label %hls_label_10_begin, label %._crit_edge" [./../hw_library/stream_convolution_slideWindow.h:126]   --->   Operation 99 'br' <Predicate = (!icmp_ln123)> <Delay = 1.76>
ST_14 : Operation 100 [1/1] (0.00ns)   --->   "%inp_j_0_load_3 = load i32* %inp_j_0" [./../hw_library/stream_convolution_slideWindow.h:129]   --->   Operation 100 'load' 'inp_j_0_load_3' <Predicate = (!icmp_ln123 & icmp_ln126)> <Delay = 0.00>
ST_14 : Operation 101 [1/1] (0.00ns)   --->   "%inp_i_0_load_3 = load i32* %inp_i_0" [./../hw_library/stream_convolution_slideWindow.h:129]   --->   Operation 101 'load' 'inp_i_0_load_3' <Predicate = (!icmp_ln123 & icmp_ln126)> <Delay = 0.00>
ST_14 : Operation 102 [1/1] (0.00ns)   --->   "%tmp_11 = call i32 (...)* @_ssdm_op_SpecRegionBegin([13 x i8]* @p_str74)" [./../hw_library/stream_convolution_slideWindow.h:126]   --->   Operation 102 'specregionbegin' 'tmp_11' <Predicate = (!icmp_ln123 & icmp_ln126)> <Delay = 0.00>
ST_14 : Operation 103 [1/1] (0.00ns)   --->   "call void (...)* @_ssdm_op_SpecMemCore([256 x i16]* %inElem_V, [1 x i8]* @p_str1, [15 x i8]* @p_str13, [1 x i8]* @p_str1, i32 -1, [1 x i8]* @p_str1, [1 x i8]* @p_str1, [1 x i8]* @p_str1, [1 x i8]* @p_str1, [1 x i8]* @p_str1)" [./../hw_library/stream_convolution_slideWindow.h:128]   --->   Operation 103 'specmemcore' <Predicate = (!icmp_ln123 & icmp_ln126)> <Delay = 0.00>
ST_14 : Operation 104 [1/1] (0.00ns) (grouped into LUT with out node or_ln129_2)   --->   "%or_ln129 = or i32 %inp_j_0_load_3, %inp_i_0_load_3" [./../hw_library/stream_convolution_slideWindow.h:129]   --->   Operation 104 'or' 'or_ln129' <Predicate = (!icmp_ln123 & icmp_ln126)> <Delay = 0.00> <Core = "LogicGate">   --->   Core 27 'LogicGate' <Latency = 0> <II = 1> <Delay = 0.97> <FuncUnit> <Opcode : 'and' 'or' 'xor'> <InPorts = 2> <OutPorts = 1>
ST_14 : Operation 105 [1/1] (0.00ns) (grouped into LUT with out node or_ln129_2)   --->   "%tmp_16 = call i1 @_ssdm_op_BitSelect.i1.i32.i32(i32 %or_ln129, i32 31)" [./../hw_library/stream_convolution_slideWindow.h:129]   --->   Operation 105 'bitselect' 'tmp_16' <Predicate = (!icmp_ln123 & icmp_ln126)> <Delay = 0.00>
ST_14 : Operation 106 [1/1] (0.00ns) (grouped into LUT with out node icmp_ln129)   --->   "%tmp_17 = call i27 @_ssdm_op_PartSelect.i27.i32.i32.i32(i32 %inp_i_0_load_3, i32 5, i32 31)" [./../hw_library/stream_convolution_slideWindow.h:129]   --->   Operation 106 'partselect' 'tmp_17' <Predicate = (!icmp_ln123 & icmp_ln126)> <Delay = 0.00>
ST_14 : Operation 107 [1/1] (0.00ns) (grouped into LUT with out node icmp_ln129)   --->   "%tmp_18 = call i27 @_ssdm_op_PartSelect.i27.i32.i32.i32(i32 %inp_j_0_load_3, i32 5, i32 31)" [./../hw_library/stream_convolution_slideWindow.h:129]   --->   Operation 107 'partselect' 'tmp_18' <Predicate = (!icmp_ln123 & icmp_ln126)> <Delay = 0.00>
ST_14 : Operation 108 [1/1] (0.00ns) (grouped into LUT with out node icmp_ln129)   --->   "%or_ln129_5 = or i27 %tmp_17, %tmp_18" [./../hw_library/stream_convolution_slideWindow.h:129]   --->   Operation 108 'or' 'or_ln129_5' <Predicate = (!icmp_ln123 & icmp_ln126)> <Delay = 0.00> <Core = "LogicGate">   --->   Core 27 'LogicGate' <Latency = 0> <II = 1> <Delay = 0.97> <FuncUnit> <Opcode : 'and' 'or' 'xor'> <InPorts = 2> <OutPorts = 1>
ST_14 : Operation 109 [1/1] (2.45ns) (out node of the LUT)   --->   "%icmp_ln129 = icmp ne i27 %or_ln129_5, 0" [./../hw_library/stream_convolution_slideWindow.h:129]   --->   Operation 109 'icmp' 'icmp_ln129' <Predicate = (!icmp_ln123 & icmp_ln126)> <Delay = 2.45> <Core = "Cmp">   --->   Core 25 'Cmp' <Latency = 0> <II = 1> <Delay = 2.47> <FuncUnit> <Opcode : 'icmp'> <InPorts = 2> <OutPorts = 1>
ST_14 : Operation 110 [1/1] (0.99ns) (out node of the LUT)   --->   "%or_ln129_2 = or i1 %icmp_ln129, %tmp_16" [./../hw_library/stream_convolution_slideWindow.h:129]   --->   Operation 110 'or' 'or_ln129_2' <Predicate = (!icmp_ln123 & icmp_ln126)> <Delay = 0.99> <Core = "LogicGate">   --->   Core 27 'LogicGate' <Latency = 0> <II = 1> <Delay = 0.97> <FuncUnit> <Opcode : 'and' 'or' 'xor'> <InPorts = 2> <OutPorts = 1>
ST_14 : Operation 111 [1/1] (0.00ns)   --->   "br i1 %or_ln129_2, label %.preheader340.0, label %.preheader.0" [./../hw_library/stream_convolution_slideWindow.h:129]   --->   Operation 111 'br' <Predicate = (!icmp_ln123 & icmp_ln126)> <Delay = 0.00>
ST_14 : Operation 112 [1/1] (2.55ns)   --->   "%inp = add i32 1, %inp_0" [./../hw_library/stream_convolution_slideWindow.h:143]   --->   Operation 112 'add' 'inp' <Predicate = (!icmp_ln123 & icmp_ln126)> <Delay = 2.55> <Core = "AddSub">   --->   Core 14 'AddSub' <Latency = 0> <II = 1> <Delay = 2.55> <FuncUnit> <Opcode : 'add' 'sub'> <InPorts = 2> <OutPorts = 1>
ST_14 : Operation 113 [1/1] (1.76ns)   --->   "br label %._crit_edge" [./../hw_library/stream_convolution_slideWindow.h:152]   --->   Operation 113 'br' <Predicate = (!icmp_ln123 & icmp_ln126)> <Delay = 1.76>

State 15 <SV = 9> <Delay = 7.49>
ST_15 : Operation 114 [1/1] (3.63ns)   --->   "%tmp_V_301 = call i32 @_ssdm_op_Read.ap_fifo.volatile.i32P(i32* %in_V_V)" [./../hw_library/stream_convolution_slideWindow.h:136]   --->   Operation 114 'read' 'tmp_V_301' <Predicate = (!icmp_ln123 & icmp_ln126 & !or_ln129_2)> <Delay = 3.63> <Core = "FIFO_SRL">   --->   Core 36 'FIFO_SRL' <Latency = 0> <II = 1> <Delay = 3.63> <Storage> <Opcode : 'read' 'write' 'nbread' 'nbwrite'> <Ports = 0> <Width = 32> <Depth = 0> <FIFO>
ST_15 : Operation 115 [1/1] (0.00ns)   --->   "%trunc_ln214 = trunc i32 %tmp_V_301 to i16" [./../hw_library/stream_convolution_slideWindow.h:137]   --->   Operation 115 'trunc' 'trunc_ln214' <Predicate = (!icmp_ln123 & icmp_ln126 & !or_ln129_2)> <Delay = 0.00>
ST_15 : Operation 116 [1/1] (2.26ns)   --->   "store i16 %trunc_ln214, i16* %inElem_V_addr, align 2" [./../hw_library/stream_convolution_slideWindow.h:137]   --->   Operation 116 'store' <Predicate = (!icmp_ln123 & icmp_ln126 & !or_ln129_2)> <Delay = 2.26> <Core = "RAM_S2P_LUTRAM">   --->   Core 50 'RAM_S2P_LUTRAM' <Latency = 1> <II = 1> <Delay = 2.26> <Storage> <Opcode : 'load' 'store'> <Ports = 2> <Width = 16> <Depth = 256> <RAM>
ST_15 : Operation 117 [1/1] (2.26ns)   --->   "store i16 2, i16* %inElem_V_addr, align 2" [./../hw_library/stream_convolution_slideWindow.h:131]   --->   Operation 117 'store' <Predicate = (!icmp_ln123 & icmp_ln126 & or_ln129_2)> <Delay = 2.26> <Core = "RAM_S2P_LUTRAM">   --->   Core 50 'RAM_S2P_LUTRAM' <Latency = 1> <II = 1> <Delay = 2.26> <Storage> <Opcode : 'load' 'store'> <Ports = 2> <Width = 16> <Depth = 256> <RAM>
ST_15 : Operation 118 [1/1] (0.00ns) (grouped into LUT with out node sub_ln141)   --->   "%shl_ln141 = shl i32 %inp_0, 2" [./../hw_library/stream_convolution_slideWindow.h:141]   --->   Operation 118 'shl' 'shl_ln141' <Predicate = (!icmp_ln123 & icmp_ln126)> <Delay = 0.00>
ST_15 : Operation 119 [1/1] (2.55ns) (out node of the LUT)   --->   "%sub_ln141 = sub i32 %shl_ln141, %inp_0" [./../hw_library/stream_convolution_slideWindow.h:141]   --->   Operation 119 'sub' 'sub_ln141' <Predicate = (!icmp_ln123 & icmp_ln126)> <Delay = 2.55> <Core = "AddSub">   --->   Core 14 'AddSub' <Latency = 0> <II = 1> <Delay = 2.55> <FuncUnit> <Opcode : 'add' 'sub'> <InPorts = 2> <OutPorts = 1>
ST_15 : Operation 120 [1/1] (0.00ns)   --->   "%inp_1 = phi i32 [ %inp, %hls_label_10_end ], [ %inp_0, %hls_label_9_begin ]"   --->   Operation 120 'phi' 'inp_1' <Predicate = (!icmp_ln123)> <Delay = 0.00>
ST_15 : Operation 121 [1/1] (2.47ns)   --->   "%icmp_ln153 = icmp ugt i32 %inp_1, 216" [./../hw_library/stream_convolution_slideWindow.h:153]   --->   Operation 121 'icmp' 'icmp_ln153' <Predicate = (!icmp_ln123)> <Delay = 2.47> <Core = "Cmp">   --->   Core 25 'Cmp' <Latency = 0> <II = 1> <Delay = 2.47> <FuncUnit> <Opcode : 'icmp'> <InPorts = 2> <OutPorts = 1>
ST_15 : Operation 122 [1/1] (1.76ns)   --->   "br i1 %icmp_ln153, label %2, label %hls_label_9_end" [./../hw_library/stream_convolution_slideWindow.h:153]   --->   Operation 122 'br' <Predicate = (!icmp_ln123)> <Delay = 1.76>
ST_15 : Operation 123 [1/1] (0.00ns)   --->   "%oy_0_load_3 = load i32* %oy_0"   --->   Operation 123 'load' 'oy_0_load_3' <Predicate = (!icmp_ln123 & icmp_ln153)> <Delay = 0.00>
ST_15 : Operation 124 [1/1] (0.00ns)   --->   "%ox_3_load = load i32* %ox_3" [./../hw_library/stream_convolution_slideWindow.h:156]   --->   Operation 124 'load' 'ox_3_load' <Predicate = (!icmp_ln123 & icmp_ln153)> <Delay = 0.00>
ST_15 : Operation 125 [1/1] (0.00ns)   --->   "%ky_3_load = load i32* %ky_3"   --->   Operation 125 'load' 'ky_3_load' <Predicate = (!icmp_ln123 & icmp_ln153)> <Delay = 0.00>
ST_15 : Operation 126 [1/1] (0.00ns)   --->   "%kx_3_load = load i32* %kx_3" [./../hw_library/stream_convolution_slideWindow.h:162]   --->   Operation 126 'load' 'kx_3_load' <Predicate = (!icmp_ln123 & icmp_ln153)> <Delay = 0.00>
ST_15 : Operation 127 [1/1] (2.55ns)   --->   "%tmp = add i32 %oy_0_load_3, %ky_3_load"   --->   Operation 127 'add' 'tmp' <Predicate = (!icmp_ln123 & icmp_ln153)> <Delay = 2.55> <Core = "AddSub">   --->   Core 14 'AddSub' <Latency = 0> <II = 1> <Delay = 2.55> <FuncUnit> <Opcode : 'add' 'sub'> <InPorts = 2> <OutPorts = 1>
ST_15 : Operation 128 [1/1] (0.00ns)   --->   "%empty_152 = shl i32 %tmp, 5"   --->   Operation 128 'shl' 'empty_152' <Predicate = (!icmp_ln123 & icmp_ln153)> <Delay = 0.00>
ST_15 : Operation 129 [1/1] (0.00ns)   --->   "%empty_153 = shl i32 %tmp, 2"   --->   Operation 129 'shl' 'empty_153' <Predicate = (!icmp_ln123 & icmp_ln153)> <Delay = 0.00>
ST_15 : Operation 130 [1/1] (0.00ns) (grouped into TernaryAdder)   --->   "%add_ln156 = add i32 %empty_152, %empty_153" [./../hw_library/stream_convolution_slideWindow.h:156]   --->   Operation 130 'add' 'add_ln156' <Predicate = (!icmp_ln123 & icmp_ln153)> <Delay = 0.00> <Core = "TAddSub">   --->   Core 83 'TAddSub' <Latency = 0> <II = 1> <Delay = 2.18> <IPBlock> <Opcode : 'add' 'sub'> <InPorts = 3> <OutPorts = 1> <Sync> <CReg>
ST_15 : Operation 131 [1/1] (2.55ns)   --->   "%add_ln156_1 = add i32 %kx_3_load, %ox_3_load" [./../hw_library/stream_convolution_slideWindow.h:156]   --->   Operation 131 'add' 'add_ln156_1' <Predicate = (!icmp_ln123 & icmp_ln153)> <Delay = 2.55> <Core = "AddSub">   --->   Core 14 'AddSub' <Latency = 0> <II = 1> <Delay = 2.55> <FuncUnit> <Opcode : 'add' 'sub'> <InPorts = 2> <OutPorts = 1>
ST_15 : Operation 132 [1/1] (4.37ns) (root node of TernaryAdder)   --->   "%input_ind = add i32 %add_ln156_1, %add_ln156" [./../hw_library/stream_convolution_slideWindow.h:156]   --->   Operation 132 'add' 'input_ind' <Predicate = (!icmp_ln123 & icmp_ln153)> <Delay = 4.37> <Core = "TAddSub">   --->   Core 83 'TAddSub' <Latency = 0> <II = 1> <Delay = 2.18> <IPBlock> <Opcode : 'add' 'sub'> <InPorts = 3> <OutPorts = 1> <Sync> <CReg>
ST_15 : Operation 133 [1/1] (2.55ns)   --->   "%kx = add i32 1, %kx_3_load" [./../hw_library/stream_convolution_slideWindow.h:162]   --->   Operation 133 'add' 'kx' <Predicate = (!icmp_ln123 & icmp_ln153)> <Delay = 2.55> <Core = "AddSub">   --->   Core 14 'AddSub' <Latency = 0> <II = 1> <Delay = 2.55> <FuncUnit> <Opcode : 'add' 'sub'> <InPorts = 2> <OutPorts = 1>
ST_15 : Operation 134 [1/1] (2.47ns)   --->   "%icmp_ln163 = icmp eq i32 %kx, 5" [./../hw_library/stream_convolution_slideWindow.h:163]   --->   Operation 134 'icmp' 'icmp_ln163' <Predicate = (!icmp_ln123 & icmp_ln153)> <Delay = 2.47> <Core = "Cmp">   --->   Core 25 'Cmp' <Latency = 0> <II = 1> <Delay = 2.47> <FuncUnit> <Opcode : 'icmp'> <InPorts = 2> <OutPorts = 1>
ST_15 : Operation 135 [1/1] (0.00ns)   --->   "br i1 %icmp_ln163, label %3, label %.hls_label_9_end_crit_edge" [./../hw_library/stream_convolution_slideWindow.h:163]   --->   Operation 135 'br' <Predicate = (!icmp_ln123 & icmp_ln153)> <Delay = 0.00>
ST_15 : Operation 136 [1/1] (1.76ns)   --->   "store i32 %kx, i32* %kx_3" [./../hw_library/stream_convolution_slideWindow.h:163]   --->   Operation 136 'store' <Predicate = (!icmp_ln123 & icmp_ln153 & !icmp_ln163)> <Delay = 1.76>
ST_15 : Operation 137 [1/1] (1.76ns)   --->   "br label %hls_label_9_end" [./../hw_library/stream_convolution_slideWindow.h:163]   --->   Operation 137 'br' <Predicate = (!icmp_ln123 & icmp_ln153 & !icmp_ln163)> <Delay = 1.76>
ST_15 : Operation 138 [1/1] (2.55ns)   --->   "%ky = add i32 %ky_3_load, 1" [./../hw_library/stream_convolution_slideWindow.h:165]   --->   Operation 138 'add' 'ky' <Predicate = (!icmp_ln123 & icmp_ln153 & icmp_ln163)> <Delay = 2.55> <Core = "AddSub">   --->   Core 14 'AddSub' <Latency = 0> <II = 1> <Delay = 2.55> <FuncUnit> <Opcode : 'add' 'sub'> <InPorts = 2> <OutPorts = 1>
ST_15 : Operation 139 [1/1] (2.47ns)   --->   "%icmp_ln166 = icmp eq i32 %ky, 5" [./../hw_library/stream_convolution_slideWindow.h:166]   --->   Operation 139 'icmp' 'icmp_ln166' <Predicate = (!icmp_ln123 & icmp_ln153 & icmp_ln163)> <Delay = 2.47> <Core = "Cmp">   --->   Core 25 'Cmp' <Latency = 0> <II = 1> <Delay = 2.47> <FuncUnit> <Opcode : 'icmp'> <InPorts = 2> <OutPorts = 1>
ST_15 : Operation 140 [1/1] (0.00ns)   --->   "br i1 %icmp_ln166, label %4, label %.hls_label_9_end_crit_edge107" [./../hw_library/stream_convolution_slideWindow.h:166]   --->   Operation 140 'br' <Predicate = (!icmp_ln123 & icmp_ln153 & icmp_ln163)> <Delay = 0.00>
ST_15 : Operation 141 [1/1] (1.76ns)   --->   "store i32 0, i32* %kx_3" [./../hw_library/stream_convolution_slideWindow.h:166]   --->   Operation 141 'store' <Predicate = (!icmp_ln123 & icmp_ln153 & icmp_ln163 & !icmp_ln166)> <Delay = 1.76>
ST_15 : Operation 142 [1/1] (1.76ns)   --->   "store i32 %ky, i32* %ky_3" [./../hw_library/stream_convolution_slideWindow.h:166]   --->   Operation 142 'store' <Predicate = (!icmp_ln123 & icmp_ln153 & icmp_ln163 & !icmp_ln166)> <Delay = 1.76>
ST_15 : Operation 143 [1/1] (1.76ns)   --->   "br label %hls_label_9_end" [./../hw_library/stream_convolution_slideWindow.h:166]   --->   Operation 143 'br' <Predicate = (!icmp_ln123 & icmp_ln153 & icmp_ln163 & !icmp_ln166)> <Delay = 1.76>
ST_15 : Operation 144 [1/1] (0.00ns)   --->   "%ox_3_load_1 = load i32* %ox_3" [./../hw_library/stream_convolution_slideWindow.h:168]   --->   Operation 144 'load' 'ox_3_load_1' <Predicate = (!icmp_ln123 & icmp_ln153 & icmp_ln163 & icmp_ln166)> <Delay = 0.00>
ST_15 : Operation 145 [1/1] (2.55ns)   --->   "%ox = add i32 %ox_3_load_1, 1" [./../hw_library/stream_convolution_slideWindow.h:168]   --->   Operation 145 'add' 'ox' <Predicate = (!icmp_ln123 & icmp_ln153 & icmp_ln163 & icmp_ln166)> <Delay = 2.55> <Core = "AddSub">   --->   Core 14 'AddSub' <Latency = 0> <II = 1> <Delay = 2.55> <FuncUnit> <Opcode : 'add' 'sub'> <InPorts = 2> <OutPorts = 1>
ST_15 : Operation 146 [1/1] (2.47ns)   --->   "%icmp_ln169 = icmp eq i32 %ox, 32" [./../hw_library/stream_convolution_slideWindow.h:169]   --->   Operation 146 'icmp' 'icmp_ln169' <Predicate = (!icmp_ln123 & icmp_ln153 & icmp_ln163 & icmp_ln166)> <Delay = 2.47> <Core = "Cmp">   --->   Core 25 'Cmp' <Latency = 0> <II = 1> <Delay = 2.47> <FuncUnit> <Opcode : 'icmp'> <InPorts = 2> <OutPorts = 1>
ST_15 : Operation 147 [1/1] (1.76ns)   --->   "store i32 0, i32* %ky_3" [./../hw_library/stream_convolution_slideWindow.h:169]   --->   Operation 147 'store' <Predicate = (!icmp_ln123 & icmp_ln153 & icmp_ln163 & icmp_ln166)> <Delay = 1.76>
ST_15 : Operation 148 [1/1] (0.00ns)   --->   "br i1 %icmp_ln169, label %5, label %.hls_label_9_end_crit_edge108" [./../hw_library/stream_convolution_slideWindow.h:169]   --->   Operation 148 'br' <Predicate = (!icmp_ln123 & icmp_ln153 & icmp_ln163 & icmp_ln166)> <Delay = 0.00>
ST_15 : Operation 149 [1/1] (1.76ns)   --->   "store i32 0, i32* %kx_3" [./../hw_library/stream_convolution_slideWindow.h:169]   --->   Operation 149 'store' <Predicate = (!icmp_ln123 & icmp_ln153 & icmp_ln163 & icmp_ln166 & !icmp_ln169)> <Delay = 1.76>
ST_15 : Operation 150 [1/1] (1.76ns)   --->   "store i32 %ox, i32* %ox_3" [./../hw_library/stream_convolution_slideWindow.h:169]   --->   Operation 150 'store' <Predicate = (!icmp_ln123 & icmp_ln153 & icmp_ln163 & icmp_ln166 & !icmp_ln169)> <Delay = 1.76>
ST_15 : Operation 151 [1/1] (1.76ns)   --->   "br label %hls_label_9_end" [./../hw_library/stream_convolution_slideWindow.h:169]   --->   Operation 151 'br' <Predicate = (!icmp_ln123 & icmp_ln153 & icmp_ln163 & icmp_ln166 & !icmp_ln169)> <Delay = 1.76>
ST_15 : Operation 152 [1/1] (0.00ns)   --->   "%oy_0_load = load i32* %oy_0" [./../hw_library/stream_convolution_slideWindow.h:171]   --->   Operation 152 'load' 'oy_0_load' <Predicate = (!icmp_ln123 & icmp_ln153 & icmp_ln163 & icmp_ln166 & icmp_ln169)> <Delay = 0.00>
ST_15 : Operation 153 [1/1] (2.55ns)   --->   "%oy = add i32 %oy_0_load, 1" [./../hw_library/stream_convolution_slideWindow.h:171]   --->   Operation 153 'add' 'oy' <Predicate = (!icmp_ln123 & icmp_ln153 & icmp_ln163 & icmp_ln166 & icmp_ln169)> <Delay = 2.55> <Core = "AddSub">   --->   Core 14 'AddSub' <Latency = 0> <II = 1> <Delay = 2.55> <FuncUnit> <Opcode : 'add' 'sub'> <InPorts = 2> <OutPorts = 1>
ST_15 : Operation 154 [1/1] (2.47ns)   --->   "%icmp_ln172 = icmp eq i32 %oy, 32" [./../hw_library/stream_convolution_slideWindow.h:172]   --->   Operation 154 'icmp' 'icmp_ln172' <Predicate = (!icmp_ln123 & icmp_ln153 & icmp_ln163 & icmp_ln166 & icmp_ln169)> <Delay = 2.47> <Core = "Cmp">   --->   Core 25 'Cmp' <Latency = 0> <II = 1> <Delay = 2.47> <FuncUnit> <Opcode : 'icmp'> <InPorts = 2> <OutPorts = 1>
ST_15 : Operation 155 [1/1] (0.69ns)   --->   "%select_ln172 = select i1 %icmp_ln172, i32 0, i32 %inp_1" [./../hw_library/stream_convolution_slideWindow.h:172]   --->   Operation 155 'select' 'select_ln172' <Predicate = (!icmp_ln123 & icmp_ln153 & icmp_ln163 & icmp_ln166 & icmp_ln169)> <Delay = 0.69> <Core = "Sel">   --->   Core 26 'Sel' <Latency = 0> <II = 1> <Delay = 0.69> <FuncUnit> <Opcode : 'select'> <InPorts = 3> <OutPorts = 1>
ST_15 : Operation 156 [1/1] (0.69ns)   --->   "%select_ln172_1 = select i1 %icmp_ln172, i32 0, i32 %oy" [./../hw_library/stream_convolution_slideWindow.h:172]   --->   Operation 156 'select' 'select_ln172_1' <Predicate = (!icmp_ln123 & icmp_ln153 & icmp_ln163 & icmp_ln166 & icmp_ln169)> <Delay = 0.69> <Core = "Sel">   --->   Core 26 'Sel' <Latency = 0> <II = 1> <Delay = 0.69> <FuncUnit> <Opcode : 'select'> <InPorts = 3> <OutPorts = 1>
ST_15 : Operation 157 [1/1] (1.76ns)   --->   "store i32 0, i32* %kx_3" [./../hw_library/stream_convolution_slideWindow.h:176]   --->   Operation 157 'store' <Predicate = (!icmp_ln123 & icmp_ln153 & icmp_ln163 & icmp_ln166 & icmp_ln169)> <Delay = 1.76>
ST_15 : Operation 158 [1/1] (1.76ns)   --->   "store i32 0, i32* %ox_3" [./../hw_library/stream_convolution_slideWindow.h:176]   --->   Operation 158 'store' <Predicate = (!icmp_ln123 & icmp_ln153 & icmp_ln163 & icmp_ln166 & icmp_ln169)> <Delay = 1.76>
ST_15 : Operation 159 [1/1] (1.76ns)   --->   "store i32 %select_ln172_1, i32* %oy_0" [./../hw_library/stream_convolution_slideWindow.h:176]   --->   Operation 159 'store' <Predicate = (!icmp_ln123 & icmp_ln153 & icmp_ln163 & icmp_ln166 & icmp_ln169)> <Delay = 1.76>
ST_15 : Operation 160 [1/1] (1.76ns)   --->   "br label %hls_label_9_end" [./../hw_library/stream_convolution_slideWindow.h:176]   --->   Operation 160 'br' <Predicate = (!icmp_ln123 & icmp_ln153 & icmp_ln163 & icmp_ln166 & icmp_ln169)> <Delay = 1.76>

State 16 <SV = 10> <Delay = 7.49>
ST_16 : Operation 161 [1/1] (3.63ns)   --->   "%tmp_V_302 = call i32 @_ssdm_op_Read.ap_fifo.volatile.i32P(i32* %in_V_V)" [./../hw_library/stream_convolution_slideWindow.h:136]   --->   Operation 161 'read' 'tmp_V_302' <Predicate = (!icmp_ln123 & icmp_ln126 & !or_ln129_2)> <Delay = 3.63> <Core = "FIFO_SRL">   --->   Core 36 'FIFO_SRL' <Latency = 0> <II = 1> <Delay = 3.63> <Storage> <Opcode : 'read' 'write' 'nbread' 'nbwrite'> <Ports = 0> <Width = 32> <Depth = 0> <FIFO>
ST_16 : Operation 162 [1/1] (0.00ns)   --->   "%trunc_ln214_63 = trunc i32 %tmp_V_302 to i16" [./../hw_library/stream_convolution_slideWindow.h:137]   --->   Operation 162 'trunc' 'trunc_ln214_63' <Predicate = (!icmp_ln123 & icmp_ln126 & !or_ln129_2)> <Delay = 0.00>
ST_16 : Operation 163 [1/1] (2.26ns)   --->   "store i16 %trunc_ln214_63, i16* %inElem_V_addr_1, align 2" [./../hw_library/stream_convolution_slideWindow.h:137]   --->   Operation 163 'store' <Predicate = (!icmp_ln123 & icmp_ln126 & !or_ln129_2)> <Delay = 2.26> <Core = "RAM_S2P_LUTRAM">   --->   Core 50 'RAM_S2P_LUTRAM' <Latency = 1> <II = 1> <Delay = 2.26> <Storage> <Opcode : 'load' 'store'> <Ports = 2> <Width = 16> <Depth = 256> <RAM>
ST_16 : Operation 164 [1/1] (2.26ns)   --->   "store i16 2, i16* %inElem_V_addr_1, align 2" [./../hw_library/stream_convolution_slideWindow.h:131]   --->   Operation 164 'store' <Predicate = (!icmp_ln123 & icmp_ln126 & or_ln129_2)> <Delay = 2.26> <Core = "RAM_S2P_LUTRAM">   --->   Core 50 'RAM_S2P_LUTRAM' <Latency = 1> <II = 1> <Delay = 2.26> <Storage> <Opcode : 'load' 'store'> <Ports = 2> <Width = 16> <Depth = 256> <RAM>
ST_16 : Operation 165 [1/1] (1.76ns)   --->   "br label %hls_label_10_end"   --->   Operation 165 'br' <Predicate = (!icmp_ln123 & icmp_ln126 & or_ln129_2)> <Delay = 1.76>
ST_16 : Operation 166 [1/1] (0.00ns)   --->   "%inp_j_0_load = load i32* %inp_j_0" [./../hw_library/stream_convolution_slideWindow.h:144]   --->   Operation 166 'load' 'inp_j_0_load' <Predicate = (!icmp_ln123 & icmp_ln126)> <Delay = 0.00>
ST_16 : Operation 167 [1/1] (0.00ns)   --->   "%inp_i_0_load = load i32* %inp_i_0" [./../hw_library/stream_convolution_slideWindow.h:147]   --->   Operation 167 'load' 'inp_i_0_load' <Predicate = (!icmp_ln123 & icmp_ln126)> <Delay = 0.00>
ST_16 : Operation 168 [2/2] (2.26ns)   --->   "%inElem_V_load = load i16* %inElem_V_addr, align 2" [./../hw_library/stream_convolution_slideWindow.h:141]   --->   Operation 168 'load' 'inElem_V_load' <Predicate = (!icmp_ln123 & icmp_ln126)> <Delay = 2.26> <Core = "RAM_S2P_LUTRAM">   --->   Core 50 'RAM_S2P_LUTRAM' <Latency = 1> <II = 1> <Delay = 2.26> <Storage> <Opcode : 'load' 'store'> <Ports = 2> <Width = 16> <Depth = 256> <RAM>
ST_16 : Operation 169 [1/1] (2.55ns)   --->   "%inp_j = add nsw i32 1, %inp_j_0_load" [./../hw_library/stream_convolution_slideWindow.h:144]   --->   Operation 169 'add' 'inp_j' <Predicate = (!icmp_ln123 & icmp_ln126)> <Delay = 2.55> <Core = "AddSub">   --->   Core 14 'AddSub' <Latency = 0> <II = 1> <Delay = 2.55> <FuncUnit> <Opcode : 'add' 'sub'> <InPorts = 2> <OutPorts = 1>
ST_16 : Operation 170 [1/1] (2.47ns)   --->   "%icmp_ln145 = icmp eq i32 %inp_j, 34" [./../hw_library/stream_convolution_slideWindow.h:145]   --->   Operation 170 'icmp' 'icmp_ln145' <Predicate = (!icmp_ln123 & icmp_ln126)> <Delay = 2.47> <Core = "Cmp">   --->   Core 25 'Cmp' <Latency = 0> <II = 1> <Delay = 2.47> <FuncUnit> <Opcode : 'icmp'> <InPorts = 2> <OutPorts = 1>
ST_16 : Operation 171 [1/1] (2.55ns)   --->   "%inp_i = add nsw i32 1, %inp_i_0_load" [./../hw_library/stream_convolution_slideWindow.h:147]   --->   Operation 171 'add' 'inp_i' <Predicate = (!icmp_ln123 & icmp_ln126)> <Delay = 2.55> <Core = "AddSub">   --->   Core 14 'AddSub' <Latency = 0> <II = 1> <Delay = 2.55> <FuncUnit> <Opcode : 'add' 'sub'> <InPorts = 2> <OutPorts = 1>
ST_16 : Operation 172 [1/1] (2.47ns)   --->   "%icmp_ln148 = icmp eq i32 %inp_i, 34" [./../hw_library/stream_convolution_slideWindow.h:148]   --->   Operation 172 'icmp' 'icmp_ln148' <Predicate = (!icmp_ln123 & icmp_ln126)> <Delay = 2.47> <Core = "Cmp">   --->   Core 25 'Cmp' <Latency = 0> <II = 1> <Delay = 2.47> <FuncUnit> <Opcode : 'icmp'> <InPorts = 2> <OutPorts = 1>
ST_16 : Operation 173 [1/1] (0.00ns) (grouped into LUT with out node select_ln145)   --->   "%select_ln148 = select i1 %icmp_ln148, i32 -2, i32 %inp_i" [./../hw_library/stream_convolution_slideWindow.h:148]   --->   Operation 173 'select' 'select_ln148' <Predicate = (!icmp_ln123 & icmp_ln126)> <Delay = 0.00> <Core = "Sel">   --->   Core 26 'Sel' <Latency = 0> <II = 1> <Delay = 0.69> <FuncUnit> <Opcode : 'select'> <InPorts = 3> <OutPorts = 1>
ST_16 : Operation 174 [1/1] (0.69ns) (out node of the LUT)   --->   "%select_ln145 = select i1 %icmp_ln145, i32 %select_ln148, i32 %inp_i_0_load" [./../hw_library/stream_convolution_slideWindow.h:145]   --->   Operation 174 'select' 'select_ln145' <Predicate = (!icmp_ln123 & icmp_ln126)> <Delay = 0.69> <Core = "Sel">   --->   Core 26 'Sel' <Latency = 0> <II = 1> <Delay = 0.69> <FuncUnit> <Opcode : 'select'> <InPorts = 3> <OutPorts = 1>
ST_16 : Operation 175 [1/1] (0.69ns)   --->   "%select_ln145_1 = select i1 %icmp_ln145, i32 -2, i32 %inp_j" [./../hw_library/stream_convolution_slideWindow.h:145]   --->   Operation 175 'select' 'select_ln145_1' <Predicate = (!icmp_ln123 & icmp_ln126)> <Delay = 0.69> <Core = "Sel">   --->   Core 26 'Sel' <Latency = 0> <II = 1> <Delay = 0.69> <FuncUnit> <Opcode : 'select'> <InPorts = 3> <OutPorts = 1>
ST_16 : Operation 176 [1/1] (1.76ns)   --->   "store i32 %select_ln145, i32* %inp_i_0" [./../hw_library/stream_convolution_slideWindow.h:152]   --->   Operation 176 'store' <Predicate = (!icmp_ln123 & icmp_ln126)> <Delay = 1.76>
ST_16 : Operation 177 [1/1] (1.76ns)   --->   "store i32 %select_ln145_1, i32* %inp_j_0" [./../hw_library/stream_convolution_slideWindow.h:152]   --->   Operation 177 'store' <Predicate = (!icmp_ln123 & icmp_ln126)> <Delay = 1.76>
ST_16 : Operation 178 [1/1] (0.00ns)   --->   "%inp_6 = phi i32 [ %select_ln172, %5 ], [ %inp_1, %._crit_edge ], [ %inp_1, %.hls_label_9_end_crit_edge ], [ %inp_1, %.hls_label_9_end_crit_edge107 ], [ %inp_1, %.hls_label_9_end_crit_edge108 ]" [./../hw_library/stream_convolution_slideWindow.h:172]   --->   Operation 178 'phi' 'inp_6' <Predicate = (!icmp_ln123)> <Delay = 0.00>
ST_16 : Operation 179 [1/1] (0.00ns)   --->   "%empty_154 = call i32 (...)* @_ssdm_op_SpecRegionEnd([12 x i8]* @p_str73, i32 %tmp_8)" [./../hw_library/stream_convolution_slideWindow.h:180]   --->   Operation 179 'specregionend' 'empty_154' <Predicate = (!icmp_ln123)> <Delay = 0.00>
ST_16 : Operation 180 [1/1] (0.00ns)   --->   "br label %1" [./../hw_library/stream_convolution_slideWindow.h:123]   --->   Operation 180 'br' <Predicate = (!icmp_ln123)> <Delay = 0.00>

State 17 <SV = 11> <Delay = 8.65>
ST_17 : Operation 181 [1/1] (3.63ns)   --->   "%tmp_V_303 = call i32 @_ssdm_op_Read.ap_fifo.volatile.i32P(i32* %in_V_V)" [./../hw_library/stream_convolution_slideWindow.h:136]   --->   Operation 181 'read' 'tmp_V_303' <Predicate = (!icmp_ln123 & icmp_ln126 & !or_ln129_2)> <Delay = 3.63> <Core = "FIFO_SRL">   --->   Core 36 'FIFO_SRL' <Latency = 0> <II = 1> <Delay = 3.63> <Storage> <Opcode : 'read' 'write' 'nbread' 'nbwrite'> <Ports = 0> <Width = 32> <Depth = 0> <FIFO>
ST_17 : Operation 182 [1/1] (0.00ns)   --->   "%trunc_ln214_64 = trunc i32 %tmp_V_303 to i16" [./../hw_library/stream_convolution_slideWindow.h:137]   --->   Operation 182 'trunc' 'trunc_ln214_64' <Predicate = (!icmp_ln123 & icmp_ln126 & !or_ln129_2)> <Delay = 0.00>
ST_17 : Operation 183 [1/1] (1.76ns)   --->   "br label %hls_label_10_end"   --->   Operation 183 'br' <Predicate = (!icmp_ln123 & icmp_ln126 & !or_ln129_2)> <Delay = 1.76>
ST_17 : Operation 184 [1/1] (0.00ns)   --->   "%storemerge = phi i16 [ %trunc_ln214_64, %.preheader.0 ], [ 2, %.preheader340.0 ]" [./../hw_library/stream_convolution_slideWindow.h:137]   --->   Operation 184 'phi' 'storemerge' <Predicate = (!icmp_ln123 & icmp_ln126)> <Delay = 0.00>
ST_17 : Operation 185 [1/1] (2.26ns)   --->   "store i16 %storemerge, i16* %inElem_V_addr_2, align 2" [./../hw_library/stream_convolution_slideWindow.h:131]   --->   Operation 185 'store' <Predicate = (!icmp_ln123 & icmp_ln126)> <Delay = 2.26> <Core = "RAM_S2P_LUTRAM">   --->   Core 50 'RAM_S2P_LUTRAM' <Latency = 1> <II = 1> <Delay = 2.26> <Storage> <Opcode : 'load' 'store'> <Ports = 2> <Width = 16> <Depth = 256> <RAM>
ST_17 : Operation 186 [1/1] (0.00ns)   --->   "%zext_ln141 = zext i32 %sub_ln141 to i64" [./../hw_library/stream_convolution_slideWindow.h:141]   --->   Operation 186 'zext' 'zext_ln141' <Predicate = (!icmp_ln123 & icmp_ln126)> <Delay = 0.00>
ST_17 : Operation 187 [1/2] (2.26ns)   --->   "%inElem_V_load = load i16* %inElem_V_addr, align 2" [./../hw_library/stream_convolution_slideWindow.h:141]   --->   Operation 187 'load' 'inElem_V_load' <Predicate = (!icmp_ln123 & icmp_ln126)> <Delay = 2.26> <Core = "RAM_S2P_LUTRAM">   --->   Core 50 'RAM_S2P_LUTRAM' <Latency = 1> <II = 1> <Delay = 2.26> <Storage> <Opcode : 'load' 'store'> <Ports = 2> <Width = 16> <Depth = 256> <RAM>
ST_17 : Operation 188 [1/1] (0.00ns)   --->   "%inputBuf_V_addr = getelementptr [10500 x i16]* %inputBuf_V, i64 0, i64 %zext_ln141" [./../hw_library/stream_convolution_slideWindow.h:141]   --->   Operation 188 'getelementptr' 'inputBuf_V_addr' <Predicate = (!icmp_ln123 & icmp_ln126)> <Delay = 0.00>
ST_17 : Operation 189 [1/1] (3.25ns)   --->   "store i16 %inElem_V_load, i16* %inputBuf_V_addr, align 2" [./../hw_library/stream_convolution_slideWindow.h:141]   --->   Operation 189 'store' <Predicate = (!icmp_ln123 & icmp_ln126)> <Delay = 3.25> <Core = "RAM">   --->   Core 37 'RAM' <Latency = 1> <II = 1> <Delay = 3.25> <Storage> <Opcode : 'load' 'store'> <Ports = 2> <Width = 16> <Depth = 10500> <RAM>
ST_17 : Operation 190 [2/2] (2.26ns)   --->   "%inElem_V_load_1 = load i16* %inElem_V_addr_1, align 2" [./../hw_library/stream_convolution_slideWindow.h:141]   --->   Operation 190 'load' 'inElem_V_load_1' <Predicate = (!icmp_ln123 & icmp_ln126)> <Delay = 2.26> <Core = "RAM_S2P_LUTRAM">   --->   Core 50 'RAM_S2P_LUTRAM' <Latency = 1> <II = 1> <Delay = 2.26> <Storage> <Opcode : 'load' 'store'> <Ports = 2> <Width = 16> <Depth = 256> <RAM>
ST_17 : Operation 191 [1/1] (2.55ns)   --->   "%add_ln141_1 = add i32 2, %sub_ln141" [./../hw_library/stream_convolution_slideWindow.h:141]   --->   Operation 191 'add' 'add_ln141_1' <Predicate = (!icmp_ln123 & icmp_ln126)> <Delay = 2.55> <Core = "AddSub">   --->   Core 14 'AddSub' <Latency = 0> <II = 1> <Delay = 2.55> <FuncUnit> <Opcode : 'add' 'sub'> <InPorts = 2> <OutPorts = 1>
ST_17 : Operation 192 [1/1] (0.00ns)   --->   "%zext_ln141_2 = zext i32 %add_ln141_1 to i64" [./../hw_library/stream_convolution_slideWindow.h:141]   --->   Operation 192 'zext' 'zext_ln141_2' <Predicate = (!icmp_ln123 & icmp_ln126)> <Delay = 0.00>
ST_17 : Operation 193 [1/1] (0.00ns)   --->   "%inputBuf_V_addr_2 = getelementptr [10500 x i16]* %inputBuf_V, i64 0, i64 %zext_ln141_2" [./../hw_library/stream_convolution_slideWindow.h:141]   --->   Operation 193 'getelementptr' 'inputBuf_V_addr_2' <Predicate = (!icmp_ln123 & icmp_ln126)> <Delay = 0.00>
ST_17 : Operation 194 [1/1] (3.25ns)   --->   "store i16 %storemerge, i16* %inputBuf_V_addr_2, align 2" [./../hw_library/stream_convolution_slideWindow.h:141]   --->   Operation 194 'store' <Predicate = (!icmp_ln123 & icmp_ln126)> <Delay = 3.25> <Core = "RAM">   --->   Core 37 'RAM' <Latency = 1> <II = 1> <Delay = 3.25> <Storage> <Opcode : 'load' 'store'> <Ports = 2> <Width = 16> <Depth = 10500> <RAM>

State 18 <SV = 12> <Delay = 5.80>
ST_18 : Operation 195 [1/1] (2.55ns)   --->   "%add_ln141 = add i32 1, %sub_ln141" [./../hw_library/stream_convolution_slideWindow.h:141]   --->   Operation 195 'add' 'add_ln141' <Predicate = (!icmp_ln123 & icmp_ln126)> <Delay = 2.55> <Core = "AddSub">   --->   Core 14 'AddSub' <Latency = 0> <II = 1> <Delay = 2.55> <FuncUnit> <Opcode : 'add' 'sub'> <InPorts = 2> <OutPorts = 1>
ST_18 : Operation 196 [1/1] (0.00ns)   --->   "%zext_ln141_1 = zext i32 %add_ln141 to i64" [./../hw_library/stream_convolution_slideWindow.h:141]   --->   Operation 196 'zext' 'zext_ln141_1' <Predicate = (!icmp_ln123 & icmp_ln126)> <Delay = 0.00>
ST_18 : Operation 197 [1/2] (2.26ns)   --->   "%inElem_V_load_1 = load i16* %inElem_V_addr_1, align 2" [./../hw_library/stream_convolution_slideWindow.h:141]   --->   Operation 197 'load' 'inElem_V_load_1' <Predicate = (!icmp_ln123 & icmp_ln126)> <Delay = 2.26> <Core = "RAM_S2P_LUTRAM">   --->   Core 50 'RAM_S2P_LUTRAM' <Latency = 1> <II = 1> <Delay = 2.26> <Storage> <Opcode : 'load' 'store'> <Ports = 2> <Width = 16> <Depth = 256> <RAM>
ST_18 : Operation 198 [1/1] (0.00ns)   --->   "%inputBuf_V_addr_1 = getelementptr [10500 x i16]* %inputBuf_V, i64 0, i64 %zext_ln141_1" [./../hw_library/stream_convolution_slideWindow.h:141]   --->   Operation 198 'getelementptr' 'inputBuf_V_addr_1' <Predicate = (!icmp_ln123 & icmp_ln126)> <Delay = 0.00>
ST_18 : Operation 199 [1/1] (3.25ns)   --->   "store i16 %inElem_V_load_1, i16* %inputBuf_V_addr_1, align 2" [./../hw_library/stream_convolution_slideWindow.h:141]   --->   Operation 199 'store' <Predicate = (!icmp_ln123 & icmp_ln126)> <Delay = 3.25> <Core = "RAM">   --->   Core 37 'RAM' <Latency = 1> <II = 1> <Delay = 3.25> <Storage> <Opcode : 'load' 'store'> <Ports = 2> <Width = 16> <Depth = 10500> <RAM>
ST_18 : Operation 200 [1/1] (0.00ns)   --->   "%empty = call i32 (...)* @_ssdm_op_SpecRegionEnd([13 x i8]* @p_str74, i32 %tmp_11)" [./../hw_library/stream_convolution_slideWindow.h:152]   --->   Operation 200 'specregionend' 'empty' <Predicate = (!icmp_ln123 & icmp_ln126)> <Delay = 0.00>

State 19 <SV = 13> <Delay = 8.35>
ST_19 : Operation 201 [1/1] (0.00ns) (grouped into LUT with out node sub_ln159)   --->   "%shl_ln159 = shl i32 %input_ind, 2" [./../hw_library/stream_convolution_slideWindow.h:159]   --->   Operation 201 'shl' 'shl_ln159' <Predicate = (icmp_ln153)> <Delay = 0.00>
ST_19 : Operation 202 [1/1] (2.55ns) (out node of the LUT)   --->   "%sub_ln159 = sub i32 %shl_ln159, %input_ind" [./../hw_library/stream_convolution_slideWindow.h:159]   --->   Operation 202 'sub' 'sub_ln159' <Predicate = (icmp_ln153)> <Delay = 2.55> <Core = "AddSub">   --->   Core 14 'AddSub' <Latency = 0> <II = 1> <Delay = 2.55> <FuncUnit> <Opcode : 'add' 'sub'> <InPorts = 2> <OutPorts = 1>
ST_19 : Operation 203 [1/1] (0.00ns)   --->   "%zext_ln159 = zext i32 %sub_ln159 to i64" [./../hw_library/stream_convolution_slideWindow.h:159]   --->   Operation 203 'zext' 'zext_ln159' <Predicate = (icmp_ln153)> <Delay = 0.00>
ST_19 : Operation 204 [1/1] (0.00ns)   --->   "%inputBuf_V_addr_3 = getelementptr [10500 x i16]* %inputBuf_V, i64 0, i64 %zext_ln159" [./../hw_library/stream_convolution_slideWindow.h:159]   --->   Operation 204 'getelementptr' 'inputBuf_V_addr_3' <Predicate = (icmp_ln153)> <Delay = 0.00>
ST_19 : Operation 205 [2/2] (3.25ns)   --->   "%inputBuf_V_load = load i16* %inputBuf_V_addr_3, align 2" [./../hw_library/stream_convolution_slideWindow.h:159]   --->   Operation 205 'load' 'inputBuf_V_load' <Predicate = (icmp_ln153)> <Delay = 3.25> <Core = "RAM">   --->   Core 37 'RAM' <Latency = 1> <II = 1> <Delay = 3.25> <Storage> <Opcode : 'load' 'store'> <Ports = 2> <Width = 16> <Depth = 10500> <RAM>
ST_19 : Operation 206 [1/1] (2.55ns)   --->   "%add_ln159 = add i32 1, %sub_ln159" [./../hw_library/stream_convolution_slideWindow.h:159]   --->   Operation 206 'add' 'add_ln159' <Predicate = (icmp_ln153)> <Delay = 2.55> <Core = "AddSub">   --->   Core 14 'AddSub' <Latency = 0> <II = 1> <Delay = 2.55> <FuncUnit> <Opcode : 'add' 'sub'> <InPorts = 2> <OutPorts = 1>
ST_19 : Operation 207 [1/1] (0.00ns)   --->   "%zext_ln159_1 = zext i32 %add_ln159 to i64" [./../hw_library/stream_convolution_slideWindow.h:159]   --->   Operation 207 'zext' 'zext_ln159_1' <Predicate = (icmp_ln153)> <Delay = 0.00>
ST_19 : Operation 208 [1/1] (0.00ns)   --->   "%inputBuf_V_addr_4 = getelementptr [10500 x i16]* %inputBuf_V, i64 0, i64 %zext_ln159_1" [./../hw_library/stream_convolution_slideWindow.h:159]   --->   Operation 208 'getelementptr' 'inputBuf_V_addr_4' <Predicate = (icmp_ln153)> <Delay = 0.00>
ST_19 : Operation 209 [2/2] (3.25ns)   --->   "%inputBuf_V_load_1 = load i16* %inputBuf_V_addr_4, align 2" [./../hw_library/stream_convolution_slideWindow.h:159]   --->   Operation 209 'load' 'inputBuf_V_load_1' <Predicate = (icmp_ln153)> <Delay = 3.25> <Core = "RAM">   --->   Core 37 'RAM' <Latency = 1> <II = 1> <Delay = 3.25> <Storage> <Opcode : 'load' 'store'> <Ports = 2> <Width = 16> <Depth = 10500> <RAM>

State 20 <SV = 14> <Delay = 6.88>
ST_20 : Operation 210 [1/2] (3.25ns)   --->   "%inputBuf_V_load = load i16* %inputBuf_V_addr_3, align 2" [./../hw_library/stream_convolution_slideWindow.h:159]   --->   Operation 210 'load' 'inputBuf_V_load' <Predicate = (icmp_ln153)> <Delay = 3.25> <Core = "RAM">   --->   Core 37 'RAM' <Latency = 1> <II = 1> <Delay = 3.25> <Storage> <Opcode : 'load' 'store'> <Ports = 2> <Width = 16> <Depth = 10500> <RAM>
ST_20 : Operation 211 [1/1] (0.00ns)   --->   "%tmp_V_304 = sext i16 %inputBuf_V_load to i32" [./../hw_library/stream_convolution_slideWindow.h:159]   --->   Operation 211 'sext' 'tmp_V_304' <Predicate = (icmp_ln153)> <Delay = 0.00>
ST_20 : Operation 212 [1/1] (3.63ns)   --->   "call void @_ssdm_op_Write.ap_fifo.volatile.i32P(i32* %out_V_V, i32 %tmp_V_304)" [./../hw_library/stream_convolution_slideWindow.h:160]   --->   Operation 212 'write' <Predicate = (icmp_ln153)> <Delay = 3.63> <Core = "FIFO_SRL">   --->   Core 36 'FIFO_SRL' <Latency = 0> <II = 1> <Delay = 3.63> <Storage> <Opcode : 'read' 'write' 'nbread' 'nbwrite'> <Ports = 0> <Width = 32> <Depth = 0> <FIFO>
ST_20 : Operation 213 [1/2] (3.25ns)   --->   "%inputBuf_V_load_1 = load i16* %inputBuf_V_addr_4, align 2" [./../hw_library/stream_convolution_slideWindow.h:159]   --->   Operation 213 'load' 'inputBuf_V_load_1' <Predicate = (icmp_ln153)> <Delay = 3.25> <Core = "RAM">   --->   Core 37 'RAM' <Latency = 1> <II = 1> <Delay = 3.25> <Storage> <Opcode : 'load' 'store'> <Ports = 2> <Width = 16> <Depth = 10500> <RAM>

State 21 <SV = 15> <Delay = 5.80>
ST_21 : Operation 214 [1/1] (0.00ns)   --->   "%tmp_V_305 = sext i16 %inputBuf_V_load_1 to i32" [./../hw_library/stream_convolution_slideWindow.h:159]   --->   Operation 214 'sext' 'tmp_V_305' <Predicate = (icmp_ln153)> <Delay = 0.00>
ST_21 : Operation 215 [1/1] (3.63ns)   --->   "call void @_ssdm_op_Write.ap_fifo.volatile.i32P(i32* %out_V_V, i32 %tmp_V_305)" [./../hw_library/stream_convolution_slideWindow.h:160]   --->   Operation 215 'write' <Predicate = (icmp_ln153)> <Delay = 3.63> <Core = "FIFO_SRL">   --->   Core 36 'FIFO_SRL' <Latency = 0> <II = 1> <Delay = 3.63> <Storage> <Opcode : 'read' 'write' 'nbread' 'nbwrite'> <Ports = 0> <Width = 32> <Depth = 0> <FIFO>
ST_21 : Operation 216 [1/1] (2.55ns)   --->   "%add_ln159_1 = add i32 2, %sub_ln159" [./../hw_library/stream_convolution_slideWindow.h:159]   --->   Operation 216 'add' 'add_ln159_1' <Predicate = (icmp_ln153)> <Delay = 2.55> <Core = "AddSub">   --->   Core 14 'AddSub' <Latency = 0> <II = 1> <Delay = 2.55> <FuncUnit> <Opcode : 'add' 'sub'> <InPorts = 2> <OutPorts = 1>
ST_21 : Operation 217 [1/1] (0.00ns)   --->   "%zext_ln159_2 = zext i32 %add_ln159_1 to i64" [./../hw_library/stream_convolution_slideWindow.h:159]   --->   Operation 217 'zext' 'zext_ln159_2' <Predicate = (icmp_ln153)> <Delay = 0.00>
ST_21 : Operation 218 [1/1] (0.00ns)   --->   "%inputBuf_V_addr_5 = getelementptr [10500 x i16]* %inputBuf_V, i64 0, i64 %zext_ln159_2" [./../hw_library/stream_convolution_slideWindow.h:159]   --->   Operation 218 'getelementptr' 'inputBuf_V_addr_5' <Predicate = (icmp_ln153)> <Delay = 0.00>
ST_21 : Operation 219 [2/2] (3.25ns)   --->   "%inputBuf_V_load_2 = load i16* %inputBuf_V_addr_5, align 2" [./../hw_library/stream_convolution_slideWindow.h:159]   --->   Operation 219 'load' 'inputBuf_V_load_2' <Predicate = (icmp_ln153)> <Delay = 3.25> <Core = "RAM">   --->   Core 37 'RAM' <Latency = 1> <II = 1> <Delay = 3.25> <Storage> <Opcode : 'load' 'store'> <Ports = 2> <Width = 16> <Depth = 10500> <RAM>

State 22 <SV = 16> <Delay = 6.88>
ST_22 : Operation 220 [1/2] (3.25ns)   --->   "%inputBuf_V_load_2 = load i16* %inputBuf_V_addr_5, align 2" [./../hw_library/stream_convolution_slideWindow.h:159]   --->   Operation 220 'load' 'inputBuf_V_load_2' <Predicate = (icmp_ln153)> <Delay = 3.25> <Core = "RAM">   --->   Core 37 'RAM' <Latency = 1> <II = 1> <Delay = 3.25> <Storage> <Opcode : 'load' 'store'> <Ports = 2> <Width = 16> <Depth = 10500> <RAM>
ST_22 : Operation 221 [1/1] (0.00ns)   --->   "%tmp_V_306 = sext i16 %inputBuf_V_load_2 to i32" [./../hw_library/stream_convolution_slideWindow.h:159]   --->   Operation 221 'sext' 'tmp_V_306' <Predicate = (icmp_ln153)> <Delay = 0.00>
ST_22 : Operation 222 [1/1] (3.63ns)   --->   "call void @_ssdm_op_Write.ap_fifo.volatile.i32P(i32* %out_V_V, i32 %tmp_V_306)" [./../hw_library/stream_convolution_slideWindow.h:160]   --->   Operation 222 'write' <Predicate = (icmp_ln153)> <Delay = 3.63> <Core = "FIFO_SRL">   --->   Core 36 'FIFO_SRL' <Latency = 0> <II = 1> <Delay = 3.63> <Storage> <Opcode : 'read' 'write' 'nbread' 'nbwrite'> <Ports = 0> <Width = 32> <Depth = 0> <FIFO>

State 23 <SV = 9> <Delay = 0.00>
ST_23 : Operation 223 [1/1] (0.00ns)   --->   "%empty_155 = call i32 (...)* @_ssdm_op_SpecRegionEnd([12 x i8]* @p_str72, i32 %tmp_s)" [./../hw_library/stream_convolution_slideWindow.h:181]   --->   Operation 223 'specregionend' 'empty_155' <Predicate = true> <Delay = 0.00>
ST_23 : Operation 224 [1/1] (0.00ns)   --->   "br label %7" [./../hw_library/stream_convolution_slideWindow.h:181]   --->   Operation 224 'br' <Predicate = true> <Delay = 0.00>


============================================================
+ Verbose Summary: Timing violations
============================================================
Target clock period: 10ns, clock uncertainty: 1.25ns.

 <State 1>: 7.27ns
The critical path consists of the following:
	fifo read on port 'in_V_V' (./../hw_library/stream_convolution_slideWindow.h:68) [8]  (3.63 ns)
	fifo write on port 'out_V_V' (./../hw_library/stream_convolution_slideWindow.h:70) [9]  (3.63 ns)

 <State 2>: 7.27ns
The critical path consists of the following:
	fifo read on port 'in_V_V' (./../hw_library/stream_convolution_slideWindow.h:72) [10]  (3.63 ns)
	fifo write on port 'out_V_V' (./../hw_library/stream_convolution_slideWindow.h:74) [11]  (3.63 ns)

 <State 3>: 7.27ns
The critical path consists of the following:
	fifo read on port 'in_V_V' (./../hw_library/stream_convolution_slideWindow.h:76) [12]  (3.63 ns)
	fifo write on port 'out_V_V' (./../hw_library/stream_convolution_slideWindow.h:78) [13]  (3.63 ns)

 <State 4>: 7.27ns
The critical path consists of the following:
	fifo read on port 'in_V_V' (./../hw_library/stream_convolution_slideWindow.h:80) [14]  (3.63 ns)
	fifo write on port 'out_V_V' (./../hw_library/stream_convolution_slideWindow.h:82) [15]  (3.63 ns)

 <State 5>: 7.27ns
The critical path consists of the following:
	fifo read on port 'in_V_V' (./../hw_library/stream_convolution_slideWindow.h:84) [16]  (3.63 ns)
	fifo write on port 'out_V_V' (./../hw_library/stream_convolution_slideWindow.h:86) [17]  (3.63 ns)

 <State 6>: 7.27ns
The critical path consists of the following:
	fifo read on port 'in_V_V' (./../hw_library/stream_convolution_slideWindow.h:88) [18]  (3.63 ns)
	fifo write on port 'out_V_V' (./../hw_library/stream_convolution_slideWindow.h:90) [19]  (3.63 ns)

 <State 7>: 7.27ns
The critical path consists of the following:
	fifo read on port 'in_V_V' (./../hw_library/stream_convolution_slideWindow.h:92) [20]  (3.63 ns)
	fifo write on port 'out_V_V' (./../hw_library/stream_convolution_slideWindow.h:94) [21]  (3.63 ns)

 <State 8>: 12.6ns
The critical path consists of the following:
	'mul' operation ('KER_size_0', ./../hw_library/stream_convolution_slideWindow.h:183) [28]  (12.6 ns)

 <State 9>: 12.6ns
The critical path consists of the following:
	'mul' operation ('KER_size_1', ./../hw_library/stream_convolution_slideWindow.h:184) [29]  (12.6 ns)

 <State 10>: 12.6ns
The critical path consists of the following:
	'mul' operation ('KER_bound', ./../hw_library/stream_convolution_slideWindow.h:185) [30]  (12.6 ns)

 <State 11>: 2.55ns
The critical path consists of the following:
	'phi' operation ('i') with incoming values : ('i', ./../hw_library/stream_convolution_slideWindow.h:189) [36]  (0 ns)
	'add' operation ('i', ./../hw_library/stream_convolution_slideWindow.h:189) [38]  (2.55 ns)

 <State 12>: 7.27ns
The critical path consists of the following:
	fifo read on port 'in_V_V' (./../hw_library/stream_convolution_slideWindow.h:191) [43]  (3.63 ns)
	fifo write on port 'out_V_V' (./../hw_library/stream_convolution_slideWindow.h:192) [44]  (3.63 ns)

 <State 13>: 0ns
The critical path consists of the following:

 <State 14>: 4.43ns
The critical path consists of the following:
	'icmp' operation ('icmp_ln123', ./../hw_library/stream_convolution_slideWindow.h:123) [75]  (2.47 ns)
	blocking operation 1.96 ns on control path)

 <State 15>: 7.49ns
The critical path consists of the following:
	'load' operation ('oy_0_load', ./../hw_library/stream_convolution_slideWindow.h:171) on local variable 'oy_0' [203]  (0 ns)
	'add' operation ('oy', ./../hw_library/stream_convolution_slideWindow.h:171) [204]  (2.55 ns)
	'icmp' operation ('icmp_ln172', ./../hw_library/stream_convolution_slideWindow.h:172) [205]  (2.47 ns)
	'select' operation ('select_ln172_1', ./../hw_library/stream_convolution_slideWindow.h:172) [207]  (0.698 ns)
	'store' operation ('store_ln176', ./../hw_library/stream_convolution_slideWindow.h:176) of variable 'select_ln172_1', ./../hw_library/stream_convolution_slideWindow.h:172 on local variable 'oy_0' [210]  (1.77 ns)

 <State 16>: 7.49ns
The critical path consists of the following:
	'load' operation ('inp_j_0_load', ./../hw_library/stream_convolution_slideWindow.h:144) on local variable 'inp_j_0' [114]  (0 ns)
	'add' operation ('inp_j', ./../hw_library/stream_convolution_slideWindow.h:144) [133]  (2.55 ns)
	'icmp' operation ('icmp_ln145', ./../hw_library/stream_convolution_slideWindow.h:145) [134]  (2.47 ns)
	'select' operation ('select_ln145', ./../hw_library/stream_convolution_slideWindow.h:145) [138]  (0.698 ns)
	'store' operation ('store_ln152', ./../hw_library/stream_convolution_slideWindow.h:152) of variable 'select_ln145', ./../hw_library/stream_convolution_slideWindow.h:145 on local variable 'inp_i_0' [141]  (1.77 ns)

 <State 17>: 8.66ns
The critical path consists of the following:
	fifo read on port 'in_V_V' (./../hw_library/stream_convolution_slideWindow.h:136) [105]  (3.63 ns)
	multiplexor before 'phi' operation ('storemerge', ./../hw_library/stream_convolution_slideWindow.h:137) with incoming values : ('trunc_ln214_64', ./../hw_library/stream_convolution_slideWindow.h:137) [113]  (1.77 ns)
	'phi' operation ('storemerge', ./../hw_library/stream_convolution_slideWindow.h:137) with incoming values : ('trunc_ln214_64', ./../hw_library/stream_convolution_slideWindow.h:137) [113]  (0 ns)
	'store' operation ('store_ln141', ./../hw_library/stream_convolution_slideWindow.h:141) of variable 'storemerge', ./../hw_library/stream_convolution_slideWindow.h:137 on array 'inputBuf.V', ./../hw_library/stream_convolution_slideWindow.h:107 [131]  (3.25 ns)

 <State 18>: 5.81ns
The critical path consists of the following:
	'add' operation ('add_ln141', ./../hw_library/stream_convolution_slideWindow.h:141) [123]  (2.55 ns)
	'getelementptr' operation ('inputBuf_V_addr_1', ./../hw_library/stream_convolution_slideWindow.h:141) [126]  (0 ns)
	'store' operation ('store_ln141', ./../hw_library/stream_convolution_slideWindow.h:141) of variable 'inElem_V_load_1', ./../hw_library/stream_convolution_slideWindow.h:141 on array 'inputBuf.V', ./../hw_library/stream_convolution_slideWindow.h:107 [127]  (3.25 ns)

 <State 19>: 8.36ns
The critical path consists of the following:
	'shl' operation ('shl_ln159', ./../hw_library/stream_convolution_slideWindow.h:159) [159]  (0 ns)
	'sub' operation ('sub_ln159', ./../hw_library/stream_convolution_slideWindow.h:159) [160]  (2.55 ns)
	'add' operation ('add_ln159', ./../hw_library/stream_convolution_slideWindow.h:159) [166]  (2.55 ns)
	'getelementptr' operation ('inputBuf_V_addr_4', ./../hw_library/stream_convolution_slideWindow.h:159) [168]  (0 ns)
	'load' operation ('inputBuf_V_load_1', ./../hw_library/stream_convolution_slideWindow.h:159) on array 'inputBuf.V', ./../hw_library/stream_convolution_slideWindow.h:107 [169]  (3.25 ns)

 <State 20>: 6.89ns
The critical path consists of the following:
	'load' operation ('inputBuf_V_load', ./../hw_library/stream_convolution_slideWindow.h:159) on array 'inputBuf.V', ./../hw_library/stream_convolution_slideWindow.h:107 [163]  (3.25 ns)
	fifo write on port 'out_V_V' (./../hw_library/stream_convolution_slideWindow.h:160) [165]  (3.63 ns)

 <State 21>: 5.81ns
The critical path consists of the following:
	'add' operation ('add_ln159_1', ./../hw_library/stream_convolution_slideWindow.h:159) [172]  (2.55 ns)
	'getelementptr' operation ('inputBuf_V_addr_5', ./../hw_library/stream_convolution_slideWindow.h:159) [174]  (0 ns)
	'load' operation ('inputBuf_V_load_2', ./../hw_library/stream_convolution_slideWindow.h:159) on array 'inputBuf.V', ./../hw_library/stream_convolution_slideWindow.h:107 [175]  (3.25 ns)

 <State 22>: 6.89ns
The critical path consists of the following:
	'load' operation ('inputBuf_V_load_2', ./../hw_library/stream_convolution_slideWindow.h:159) on array 'inputBuf.V', ./../hw_library/stream_convolution_slideWindow.h:107 [175]  (3.25 ns)
	fifo write on port 'out_V_V' (./../hw_library/stream_convolution_slideWindow.h:160) [177]  (3.63 ns)

 <State 23>: 0ns
The critical path consists of the following:


============================================================
+ Verbose Summary: Binding
============================================================
N/A
* FSMD analyzer results:
  - Output states:
 - Input state : 
  - Chain level:
	State 1
	State 2
	State 3
	State 4
	State 5
	State 6
	State 7
	State 8
	State 9
	State 10
	State 11
	State 12
	State 13
	State 14
	State 15
	State 16
	State 17
	State 18
	State 19
	State 20
	State 21
	State 22
	State 23


============================================================
+ Verbose Summary: Datapath Resource usage 
============================================================
N/A
